#
# There is insufficient memory for the Java Runtime Environment to continue.
# Native memory allocation (malloc) failed to allocate 862016 bytes for Chunk::new
# Possible reasons:
#   The system is out of physical RAM or swap space
#   The process is running with CompressedOops enabled, and the Java Heap may be blocking the growth of the native heap
# Possible solutions:
#   Reduce memory load on the system
#   Increase physical memory or swap space
#   Check if swap backing store is full
#   Decrease Java heap size (-Xmx/-Xms)
#   Decrease number of Java threads
#   Decrease Java thread stack sizes (-Xss)
#   Set larger code cache with -XX:ReservedCodeCacheSize=
#   JVM is running with Unscaled Compressed Oops mode in which the Java heap is
#     placed in the first 4GB address space. The Java Heap base address is the
#     maximum limit for the native heap growth. Please use -XX:HeapBaseMinAddress
#     to set the Java Heap base and to place the Java Heap above 4GB virtual address.
# This output file may be truncated or incomplete.
#
#  Out of Memory Error (allocation.cpp:390), pid=14180, tid=0x000000000000285c
#
# JRE version: Java(TM) SE Runtime Environment (8.0_201-b09) (build 1.8.0_201-b09)
# Java VM: Java HotSpot(TM) 64-Bit Server VM (25.201-b09 mixed mode windows-amd64 compressed oops)
# Failed to write core dump. Minidumps are not enabled by default on client versions of Windows
#

---------------  T H R E A D  ---------------

Current thread (0x000000001599d000):  JavaThread "C2 CompilerThread1" daemon [_thread_in_native, id=10332, stack(0x00000000170f0000,0x00000000171f0000)]

Stack: [0x00000000170f0000,0x00000000171f0000]
[error occurred during error reporting (printing stack bounds), id 0xc0000005]

Native frames: (J=compiled Java code, j=interpreted, Vv=VM code, C=native code)


Current CompileTask:
C2:  70340 9651       4       com.sun.tools.javac.comp.Infer$IncorporationStep$1::apply (256 bytes)


---------------  P R O C E S S  ---------------

Java Threads: ( => current thread )
  0x0000000017cee000 JavaThread "File lock request listener" [_thread_in_native, id=31232, stack(0x00000000180f0000,0x00000000181f0000)]
  0x00000000159ee000 JavaThread "Service Thread" daemon [_thread_blocked, id=11816, stack(0x00000000176f0000,0x00000000177f0000)]
  0x00000000159a3800 JavaThread "C1 CompilerThread2" daemon [_thread_blocked, id=18604, stack(0x00000000171f0000,0x00000000172f0000)]
=>0x000000001599d000 JavaThread "C2 CompilerThread1" daemon [_thread_in_native, id=10332, stack(0x00000000170f0000,0x00000000171f0000)]
  0x0000000015999000 JavaThread "C2 CompilerThread0" daemon [_thread_in_native, id=37648, stack(0x0000000016ff0000,0x00000000170f0000)]
  0x0000000015996800 JavaThread "Attach Listener" daemon [_thread_blocked, id=8168, stack(0x0000000016ef0000,0x0000000016ff0000)]
  0x0000000015993000 JavaThread "Signal Dispatcher" daemon [_thread_blocked, id=13828, stack(0x0000000016df0000,0x0000000016ef0000)]
  0x00000000032bc000 JavaThread "Finalizer" daemon [_thread_blocked, id=36812, stack(0x0000000016bf0000,0x0000000016cf0000)]
  0x000000001597a000 JavaThread "Reference Handler" daemon [_thread_blocked, id=14660, stack(0x0000000016af0000,0x0000000016bf0000)]
  0x00000000031c2800 JavaThread "main" [_thread_in_Java, id=17492, stack(0x0000000003020000,0x0000000003120000)]

Other Threads:
  0x0000000015957000 VMThread [stack: 0x00000000169f0000,0x0000000016af0000] [id=39080]
  0x0000000017337800 WatcherThread [stack: 0x00000000177f0000,0x00000000178f0000] [id=39288]

VM state:not at safepoint (normal execution)

VM Mutex/Monitor currently owned by a thread: None

heap address: 0x00000000c0000000, size: 1024 MB, Compressed Oops mode: 32-bit
Narrow klass base: 0x0000000000000000, Narrow klass shift: 3
Compressed class space size: 1073741824 Address: 0x0000000100000000

Heap:
 PSYoungGen      total 232960K, used 109315K [0x00000000eab00000, 0x0000000100000000, 0x0000000100000000)
  eden space 116736K, 91% used [0x00000000eab00000,0x00000000f13627c0,0x00000000f1d00000)
  from space 116224K, 2% used [0x00000000f8e80000,0x00000000f90de448,0x0000000100000000)
  to   space 116224K, 0% used [0x00000000f1d00000,0x00000000f1d00000,0x00000000f8e80000)
 ParOldGen       total 349696K, used 269622K [0x00000000c0000000, 0x00000000d5580000, 0x00000000eab00000)
  object space 349696K, 77% used [0x00000000c0000000,0x00000000d074d970,0x00000000d5580000)
 Metaspace       used 47856K, capacity 48800K, committed 49024K, reserved 1091584K
  class space    used 6430K, capacity 6766K, committed 6784K, reserved 1048576K

Card table byte_map: [0x0000000012680000,0x0000000012890000] byte_map_base: 0x0000000012080000

Marking Bits: (ParMarkBitMap*) 0x000000005b8b4ce0
 Begin Bits: [0x0000000012df0000, 0x0000000013df0000)
 End Bits:   [0x0000000013df0000, 0x0000000014df0000)

Polling page: 0x00000000012f0000

CodeCache: size=245760Kb used=30772Kb max_used=30779Kb free=214987Kb
 bounds [0x00000000032c0000, 0x0000000005110000, 0x00000000122c0000]
 total_blobs=8165 nmethods=7432 adapters=644
 compilation: enabled

Compilation events (10 events):
Event: 70.245 Thread 0x00000000159a3800 9666       3       com.sun.tools.javac.comp.Attr::isAssignableAsBlankFinal (99 bytes)
Event: 70.246 Thread 0x00000000159a3800 nmethod 9666 0x00000000048c15d0 code [0x00000000048c1780, 0x00000000048c1df8]
Event: 70.253 Thread 0x0000000015999000 nmethod 9652 0x00000000050f9c90 code [0x00000000050fa1c0, 0x00000000050fcb20]
Event: 70.253 Thread 0x0000000015999000 9653   !   4       com.sun.tools.javac.code.Type$UndetVar::substBounds (301 bytes)
Event: 70.278 Thread 0x00000000159a3800 9667       3       com.sun.tools.javac.code.Type::isCompound (32 bytes)
Event: 70.278 Thread 0x00000000159a3800 nmethod 9667 0x0000000004895d90 code [0x0000000004895f00, 0x00000000048961c8]
Event: 70.280 Thread 0x00000000159a3800 9670       3       com.sun.tools.javac.code.Types::closure (153 bytes)
Event: 70.281 Thread 0x00000000159a3800 nmethod 9670 0x0000000004974410 code [0x0000000004974740, 0x00000000049763f8]
Event: 70.281 Thread 0x00000000159a3800 9671       2       com.sun.tools.javac.comp.Infer::checkCompatibleUpperBounds (102 bytes)
Event: 70.282 Thread 0x00000000159a3800 nmethod 9671 0x00000000048c0c50 code [0x00000000048c0e20, 0x00000000048c12a8]

GC Heap History (10 events):
Event: 55.218 GC heap before
{Heap before GC invocations=12 (full 2):
 PSYoungGen      total 271360K, used 271344K [0x00000000eab00000, 0x0000000100000000, 0x0000000100000000)
  eden space 193536K, 100% used [0x00000000eab00000,0x00000000f6800000,0x00000000f6800000)
  from space 77824K, 99% used [0x00000000f6800000,0x00000000fb3fc3f0,0x00000000fb400000)
  to   space 77824K, 0% used [0x00000000fb400000,0x00000000fb400000,0x0000000100000000)
 ParOldGen       total 349696K, used 132222K [0x00000000c0000000, 0x00000000d5580000, 0x00000000eab00000)
  object space 349696K, 37% used [0x00000000c0000000,0x00000000c811fb90,0x00000000d5580000)
 Metaspace       used 46280K, capacity 47296K, committed 47488K, reserved 1089536K
  class space    used 6310K, capacity 6670K, committed 6784K, reserved 1048576K
Event: 55.501 GC heap after
Heap after GC invocations=12 (full 2):
 PSYoungGen      total 194560K, used 77823K [0x00000000eab00000, 0x0000000100000000, 0x0000000100000000)
  eden space 116736K, 0% used [0x00000000eab00000,0x00000000eab00000,0x00000000f1d00000)
  from space 77824K, 99% used [0x00000000fb400000,0x00000000ffffffd8,0x0000000100000000)
  to   space 116224K, 0% used [0x00000000f1d00000,0x00000000f1d00000,0x00000000f8e80000)
 ParOldGen       total 349696K, used 182768K [0x00000000c0000000, 0x00000000d5580000, 0x00000000eab00000)
  object space 349696K, 52% used [0x00000000c0000000,0x00000000cb27c028,0x00000000d5580000)
 Metaspace       used 46280K, capacity 47296K, committed 47488K, reserved 1089536K
  class space    used 6310K, capacity 6670K, committed 6784K, reserved 1048576K
}
Event: 57.988 GC heap before
{Heap before GC invocations=13 (full 2):
 PSYoungGen      total 194560K, used 194559K [0x00000000eab00000, 0x0000000100000000, 0x0000000100000000)
  eden space 116736K, 100% used [0x00000000eab00000,0x00000000f1d00000,0x00000000f1d00000)
  from space 77824K, 99% used [0x00000000fb400000,0x00000000ffffffd8,0x0000000100000000)
  to   space 116224K, 0% used [0x00000000f1d00000,0x00000000f1d00000,0x00000000f8e80000)
 ParOldGen       total 349696K, used 182768K [0x00000000c0000000, 0x00000000d5580000, 0x00000000eab00000)
  object space 349696K, 52% used [0x00000000c0000000,0x00000000cb27c028,0x00000000d5580000)
 Metaspace       used 47323K, capacity 48256K, committed 48512K, reserved 1091584K
  class space    used 6402K, capacity 6734K, committed 6784K, reserved 1048576K
Event: 58.204 GC heap after
Heap after GC invocations=13 (full 2):
 PSYoungGen      total 232960K, used 57150K [0x00000000eab00000, 0x0000000100000000, 0x0000000100000000)
  eden space 116736K, 0% used [0x00000000eab00000,0x00000000eab00000,0x00000000f1d00000)
  from space 116224K, 49% used [0x00000000f1d00000,0x00000000f54cfb40,0x00000000f8e80000)
  to   space 116224K, 0% used [0x00000000f8e80000,0x00000000f8e80000,0x0000000100000000)
 ParOldGen       total 349696K, used 208956K [0x00000000c0000000, 0x00000000d5580000, 0x00000000eab00000)
  object space 349696K, 59% used [0x00000000c0000000,0x00000000ccc0f178,0x00000000d5580000)
 Metaspace       used 47323K, capacity 48256K, committed 48512K, reserved 1091584K
  class space    used 6402K, capacity 6734K, committed 6784K, reserved 1048576K
}
Event: 61.548 GC heap before
{Heap before GC invocations=14 (full 2):
 PSYoungGen      total 232960K, used 173886K [0x00000000eab00000, 0x0000000100000000, 0x0000000100000000)
  eden space 116736K, 100% used [0x00000000eab00000,0x00000000f1d00000,0x00000000f1d00000)
  from space 116224K, 49% used [0x00000000f1d00000,0x00000000f54cfb40,0x00000000f8e80000)
  to   space 116224K, 0% used [0x00000000f8e80000,0x00000000f8e80000,0x0000000100000000)
 ParOldGen       total 349696K, used 208956K [0x00000000c0000000, 0x00000000d5580000, 0x00000000eab00000)
  object space 349696K, 59% used [0x00000000c0000000,0x00000000ccc0f178,0x00000000d5580000)
 Metaspace       used 47696K, capacity 48672K, committed 48768K, reserved 1091584K
  class space    used 6418K, capacity 6766K, committed 6784K, reserved 1048576K
Event: 61.705 GC heap after
Heap after GC invocations=14 (full 2):
 PSYoungGen      total 232960K, used 8001K [0x00000000eab00000, 0x0000000100000000, 0x0000000100000000)
  eden space 116736K, 0% used [0x00000000eab00000,0x00000000eab00000,0x00000000f1d00000)
  from space 116224K, 6% used [0x00000000f8e80000,0x00000000f9650650,0x0000000100000000)
  to   space 116224K, 0% used [0x00000000f1d00000,0x00000000f1d00000,0x00000000f8e80000)
 ParOldGen       total 349696K, used 259595K [0x00000000c0000000, 0x00000000d5580000, 0x00000000eab00000)
  object space 349696K, 74% used [0x00000000c0000000,0x00000000cfd82ef8,0x00000000d5580000)
 Metaspace       used 47696K, capacity 48672K, committed 48768K, reserved 1091584K
  class space    used 6418K, capacity 6766K, committed 6784K, reserved 1048576K
}
Event: 63.901 GC heap before
{Heap before GC invocations=15 (full 2):
 PSYoungGen      total 232960K, used 124737K [0x00000000eab00000, 0x0000000100000000, 0x0000000100000000)
  eden space 116736K, 100% used [0x00000000eab00000,0x00000000f1d00000,0x00000000f1d00000)
  from space 116224K, 6% used [0x00000000f8e80000,0x00000000f9650650,0x0000000100000000)
  to   space 116224K, 0% used [0x00000000f1d00000,0x00000000f1d00000,0x00000000f8e80000)
 ParOldGen       total 349696K, used 259595K [0x00000000c0000000, 0x00000000d5580000, 0x00000000eab00000)
  object space 349696K, 74% used [0x00000000c0000000,0x00000000cfd82ef8,0x00000000d5580000)
 Metaspace       used 47811K, capacity 48800K, committed 49024K, reserved 1091584K
  class space    used 6428K, capacity 6766K, committed 6784K, reserved 1048576K
Event: 63.937 GC heap after
Heap after GC invocations=15 (full 2):
 PSYoungGen      total 232960K, used 2272K [0x00000000eab00000, 0x0000000100000000, 0x0000000100000000)
  eden space 116736K, 0% used [0x00000000eab00000,0x00000000eab00000,0x00000000f1d00000)
  from space 116224K, 1% used [0x00000000f1d00000,0x00000000f1f38010,0x00000000f8e80000)
  to   space 116224K, 0% used [0x00000000f8e80000,0x00000000f8e80000,0x0000000100000000)
 ParOldGen       total 349696K, used 267467K [0x00000000c0000000, 0x00000000d5580000, 0x00000000eab00000)
  object space 349696K, 76% used [0x00000000c0000000,0x00000000d0532ef8,0x00000000d5580000)
 Metaspace       used 47811K, capacity 48800K, committed 49024K, reserved 1091584K
  class space    used 6428K, capacity 6766K, committed 6784K, reserved 1048576K
}
Event: 68.543 GC heap before
{Heap before GC invocations=16 (full 2):
 PSYoungGen      total 232960K, used 119008K [0x00000000eab00000, 0x0000000100000000, 0x0000000100000000)
  eden space 116736K, 100% used [0x00000000eab00000,0x00000000f1d00000,0x00000000f1d00000)
  from space 116224K, 1% used [0x00000000f1d00000,0x00000000f1f38010,0x00000000f8e80000)
  to   space 116224K, 0% used [0x00000000f8e80000,0x00000000f8e80000,0x0000000100000000)
 ParOldGen       total 349696K, used 267467K [0x00000000c0000000, 0x00000000d5580000, 0x00000000eab00000)
  object space 349696K, 76% used [0x00000000c0000000,0x00000000d0532ef8,0x00000000d5580000)
 Metaspace       used 47842K, capacity 48800K, committed 49024K, reserved 1091584K
  class space    used 6428K, capacity 6766K, committed 6784K, reserved 1048576K
Event: 68.615 GC heap after
Heap after GC invocations=16 (full 2):
 PSYoungGen      total 232960K, used 2425K [0x00000000eab00000, 0x0000000100000000, 0x0000000100000000)
  eden space 116736K, 0% used [0x00000000eab00000,0x00000000eab00000,0x00000000f1d00000)
  from space 116224K, 2% used [0x00000000f8e80000,0x00000000f90de448,0x0000000100000000)
  to   space 116224K, 0% used [0x00000000f1d00000,0x00000000f1d00000,0x00000000f8e80000)
 ParOldGen       total 349696K, used 269622K [0x00000000c0000000, 0x00000000d5580000, 0x00000000eab00000)
  object space 349696K, 77% used [0x00000000c0000000,0x00000000d074d970,0x00000000d5580000)
 Metaspace       used 47842K, capacity 48800K, committed 49024K, reserved 1091584K
  class space    used 6428K, capacity 6766K, committed 6784K, reserved 1048576K
}

Deoptimization events (10 events):
Event: 70.278 Thread 0x00000000031c2800 Uncommon trap: reason=class_check action=maybe_recompile pc=0x00000000050fba6c method=com.sun.tools.javac.code.Types.glb(Lcom/sun/tools/javac/util/List;)Lcom/sun/tools/javac/code/Type; @ 4
Event: 70.278 Thread 0x00000000031c2800 Uncommon trap: reason=class_check action=maybe_recompile pc=0x0000000003b0b820 method=com.sun.tools.javac.code.Types$26.visitType(Lcom/sun/tools/javac/code/Type;Ljava/lang/Void;)Ljava/lang/Integer; @ 1
Event: 70.278 Thread 0x00000000031c2800 Uncommon trap: reason=class_check action=maybe_recompile pc=0x0000000003b0b820 method=com.sun.tools.javac.code.Types$26.visitType(Lcom/sun/tools/javac/code/Type;Ljava/lang/Void;)Ljava/lang/Integer; @ 1
Event: 70.278 Thread 0x00000000031c2800 Uncommon trap: reason=unstable_if action=reinterpret pc=0x0000000004dc613c method=com.sun.tools.javac.code.Type.isCompound()Z @ 23
Event: 70.278 Thread 0x00000000031c2800 Uncommon trap: reason=unstable_if action=reinterpret pc=0x0000000003ec678c method=com.sun.tools.javac.code.Types.closure(Lcom/sun/tools/javac/code/Type;)Lcom/sun/tools/javac/util/List; @ 28
Event: 70.278 Thread 0x00000000031c2800 Uncommon trap: reason=class_check action=maybe_recompile pc=0x00000000050fba6c method=com.sun.tools.javac.code.Types.glb(Lcom/sun/tools/javac/util/List;)Lcom/sun/tools/javac/code/Type; @ 4
Event: 70.278 Thread 0x00000000031c2800 Uncommon trap: reason=class_check action=maybe_recompile pc=0x0000000003b0b820 method=com.sun.tools.javac.code.Types$26.visitType(Lcom/sun/tools/javac/code/Type;Ljava/lang/Void;)Ljava/lang/Integer; @ 1
Event: 70.278 Thread 0x00000000031c2800 Uncommon trap: reason=class_check action=maybe_recompile pc=0x0000000003b0b820 method=com.sun.tools.javac.code.Types$26.visitType(Lcom/sun/tools/javac/code/Type;Ljava/lang/Void;)Ljava/lang/Integer; @ 1
Event: 70.278 Thread 0x00000000031c2800 Uncommon trap: reason=class_check action=maybe_recompile pc=0x00000000050fba6c method=com.sun.tools.javac.code.Types.glb(Lcom/sun/tools/javac/util/List;)Lcom/sun/tools/javac/code/Type; @ 4
Event: 70.280 Thread 0x00000000031c2800 Uncommon trap: reason=class_check action=maybe_recompile pc=0x00000000050fba6c method=com.sun.tools.javac.code.Types.glb(Lcom/sun/tools/javac/util/List;)Lcom/sun/tools/javac/code/Type; @ 4

Classes redefined (0 events):
No events

Internal exceptions (10 events):
Event: 32.908 Thread 0x00000000031c2800 Exception <a 'java/lang/ClassNotFoundException': org/gradle/api/tasks/compile/AbstractOptionsCustomizer> (0x00000000f3c42540) thrown at [C:\re\workspace\8-2-build-windows-amd64-cygwin\jdk8u201\12322\hotspot\src\share\vm\classfile\systemDictionary.cpp, lin
Event: 32.911 Thread 0x00000000031c2800 Exception <a 'java/lang/ClassNotFoundException': org/gradle/api/tasks/compile/CompileOptionsCustomizer> (0x00000000f3c796b0) thrown at [C:\re\workspace\8-2-build-windows-amd64-cygwin\jdk8u201\12322\hotspot\src\share\vm\classfile\systemDictionary.cpp, line
Event: 43.955 Thread 0x00000000031c2800 Implicit null exception at 0x0000000003aadd66 to 0x0000000003ab1071
Event: 47.520 Thread 0x00000000031c2800 Implicit null exception at 0x0000000003cda047 to 0x0000000003cda799
Event: 47.607 Thread 0x00000000031c2800 Implicit null exception at 0x000000000431c267 to 0x000000000431d051
Event: 48.240 Thread 0x00000000031c2800 Exception <a 'java/io/FileNotFoundException'> (0x00000000f0d46e08) thrown at [C:\re\workspace\8-2-build-windows-amd64-cygwin\jdk8u201\12322\hotspot\src\share\vm\prims\jni.cpp, line 709]
Event: 48.250 Thread 0x00000000031c2800 Exception <a 'java/io/FileNotFoundException'> (0x00000000f0d7ada0) thrown at [C:\re\workspace\8-2-build-windows-amd64-cygwin\jdk8u201\12322\hotspot\src\share\vm\prims\jni.cpp, line 709]
Event: 61.164 Thread 0x00000000031c2800 Implicit null exception at 0x00000000041ddecc to 0x00000000041ddeeb
Event: 62.317 Thread 0x00000000031c2800 Implicit null exception at 0x0000000004bd0aa3 to 0x0000000004bd2175
Event: 68.180 Thread 0x00000000031c2800 Implicit null exception at 0x000000000500498c to 0x00000000050052e1

Events (10 events):
Event: 70.278 Thread 0x00000000031c2800 DEOPT UNPACKING pc=0x000000000330583b sp=0x0000000003119228 mode 2
Event: 70.278 Thread 0x00000000031c2800 Uncommon trap: trap_request=0xffffffde fr.pc=0x0000000003b0b820
Event: 70.278 Thread 0x00000000031c2800 DEOPT PACKING pc=0x0000000003b0b820 sp=0x0000000003119310
Event: 70.278 Thread 0x00000000031c2800 DEOPT UNPACKING pc=0x000000000330583b sp=0x0000000003119228 mode 2
Event: 70.278 Thread 0x00000000031c2800 Uncommon trap: trap_request=0xffffffde fr.pc=0x00000000050fba6c
Event: 70.278 Thread 0x00000000031c2800 DEOPT PACKING pc=0x00000000050fba6c sp=0x00000000031193a0
Event: 70.278 Thread 0x00000000031c2800 DEOPT UNPACKING pc=0x000000000330583b sp=0x0000000003119338 mode 2
Event: 70.280 Thread 0x00000000031c2800 Uncommon trap: trap_request=0xffffffde fr.pc=0x00000000050fba6c
Event: 70.280 Thread 0x00000000031c2800 DEOPT PACKING pc=0x00000000050fba6c sp=0x00000000031193a0
Event: 70.280 Thread 0x00000000031c2800 DEOPT UNPACKING pc=0x000000000330583b sp=0x0000000003119338 mode 2


Dynamic libraries:
0x00007ff7fe180000 - 0x00007ff7fe1b7000 	C:\Program Files\Java\jdk1.8.0_201\bin\java.exe
0x00007ff9b2710000 - 0x00007ff9b2908000 	C:\WINDOWS\SYSTEM32\ntdll.dll
0x00007ff9b1ee0000 - 0x00007ff9b1f9f000 	C:\WINDOWS\System32\KERNEL32.DLL
0x00007ff9b0320000 - 0x00007ff9b05f2000 	C:\WINDOWS\System32\KERNELBASE.dll
0x00007ff9b2090000 - 0x00007ff9b213e000 	C:\WINDOWS\System32\ADVAPI32.dll
0x00007ff9b1b70000 - 0x00007ff9b1c0e000 	C:\WINDOWS\System32\msvcrt.dll
0x00007ff9b1e40000 - 0x00007ff9b1edc000 	C:\WINDOWS\System32\sechost.dll
0x00007ff9b15e0000 - 0x00007ff9b1705000 	C:\WINDOWS\System32\RPCRT4.dll
0x00007ff9b1c90000 - 0x00007ff9b1e31000 	C:\WINDOWS\System32\USER32.dll
0x00007ff9b0630000 - 0x00007ff9b0652000 	C:\WINDOWS\System32\win32u.dll
0x00007ff9b1550000 - 0x00007ff9b157b000 	C:\WINDOWS\System32\GDI32.dll
0x00007ff9b0210000 - 0x00007ff9b031f000 	C:\WINDOWS\System32\gdi32full.dll
0x00007ff9b0660000 - 0x00007ff9b06fd000 	C:\WINDOWS\System32\msvcp_win.dll
0x00007ff9afe00000 - 0x00007ff9aff00000 	C:\WINDOWS\System32\ucrtbase.dll
0x00007ff992b10000 - 0x00007ff992daa000 	C:\WINDOWS\WinSxS\amd64_microsoft.windows.common-controls_6595b64144ccf1df_6.0.19041.1110_none_60b5254171f9507e\COMCTL32.dll
0x00007ff9b1880000 - 0x00007ff9b18b2000 	C:\WINDOWS\System32\IMM32.DLL
0x000000005b940000 - 0x000000005ba11000 	C:\Program Files\Java\jdk1.8.0_201\jre\bin\msvcr100.dll
0x000000005b090000 - 0x000000005b934000 	C:\Program Files\Java\jdk1.8.0_201\jre\bin\server\jvm.dll
0x00007ff9b26c0000 - 0x00007ff9b26c8000 	C:\WINDOWS\System32\PSAPI.DLL
0x00007ff991460000 - 0x00007ff991469000 	C:\WINDOWS\SYSTEM32\WSOCK32.dll
0x00007ff98d4b0000 - 0x00007ff98d4d7000 	C:\WINDOWS\SYSTEM32\WINMM.dll
0x00007ff9a53f0000 - 0x00007ff9a53fa000 	C:\WINDOWS\SYSTEM32\VERSION.dll
0x00007ff9b2140000 - 0x00007ff9b21ab000 	C:\WINDOWS\System32\WS2_32.dll
0x00007ff9a5be0000 - 0x00007ff9a5bef000 	C:\Program Files\Java\jdk1.8.0_201\jre\bin\verify.dll
0x00007ff98b7a0000 - 0x00007ff98b7c9000 	C:\Program Files\Java\jdk1.8.0_201\jre\bin\java.dll
0x00007ff99d270000 - 0x00007ff99d286000 	C:\Program Files\Java\jdk1.8.0_201\jre\bin\zip.dll
0x00007ff9b0900000 - 0x00007ff9b1044000 	C:\WINDOWS\System32\SHELL32.dll
0x00007ff9adea0000 - 0x00007ff9ae632000 	C:\WINDOWS\SYSTEM32\windows.storage.dll
0x00007ff9b2290000 - 0x00007ff9b25e5000 	C:\WINDOWS\System32\combase.dll
0x00007ff9af780000 - 0x00007ff9af7b0000 	C:\WINDOWS\SYSTEM32\Wldp.dll
0x00007ff9b17d0000 - 0x00007ff9b187d000 	C:\WINDOWS\System32\SHCORE.dll
0x00007ff9b1580000 - 0x00007ff9b15d5000 	C:\WINDOWS\System32\shlwapi.dll
0x00007ff9afd40000 - 0x00007ff9afd5f000 	C:\WINDOWS\SYSTEM32\profapi.dll
0x00007ff99c690000 - 0x00007ff99c6aa000 	C:\Program Files\Java\jdk1.8.0_201\jre\bin\net.dll
0x00007ff99af70000 - 0x00007ff99b15d000 	C:\WINDOWS\SYSTEM32\urlmon.dll
0x00007ff9993d0000 - 0x00007ff9993f8000 	C:\WINDOWS\SYSTEM32\srvcli.dll
0x00007ff9af330000 - 0x00007ff9af33c000 	C:\WINDOWS\SYSTEM32\netutils.dll
0x00007ff999940000 - 0x00007ff999bf1000 	C:\WINDOWS\SYSTEM32\iertutil.dll
0x00007ff9af4e0000 - 0x00007ff9af54a000 	C:\WINDOWS\system32\mswsock.dll
0x00007ff991500000 - 0x00007ff991511000 	C:\Program Files\Java\jdk1.8.0_201\jre\bin\nio.dll
0x00007ff98c4f0000 - 0x00007ff98c502000 	C:\Users\HP\.gradle\native\19\windows-amd64\native-platform.dll
0x0000000180000000 - 0x0000000180037000 	C:\Users\HP\.gradle\native\jna\win32-amd64\jnidispatch.dll
0x00007ff9af6d0000 - 0x00007ff9af6e8000 	C:\WINDOWS\SYSTEM32\CRYPTSP.dll
0x00007ff9aee00000 - 0x00007ff9aee34000 	C:\WINDOWS\system32\rsaenh.dll
0x00007ff9b0600000 - 0x00007ff9b0627000 	C:\WINDOWS\System32\bcrypt.dll
0x00007ff9afcc0000 - 0x00007ff9afcee000 	C:\WINDOWS\SYSTEM32\USERENV.dll
0x00007ff9b0060000 - 0x00007ff9b00e2000 	C:\WINDOWS\System32\bcryptprimitives.dll
0x00007ff9af6f0000 - 0x00007ff9af6fc000 	C:\WINDOWS\SYSTEM32\CRYPTBASE.dll
0x00007ff9af1d0000 - 0x00007ff9af20b000 	C:\WINDOWS\SYSTEM32\IPHLPAPI.DLL
0x00007ff9b1540000 - 0x00007ff9b1548000 	C:\WINDOWS\System32\NSI.dll
0x00007ff9a17f0000 - 0x00007ff9a1807000 	C:\WINDOWS\SYSTEM32\dhcpcsvc6.DLL
0x00007ff9a3ad0000 - 0x00007ff9a3aed000 	C:\WINDOWS\SYSTEM32\dhcpcsvc.DLL
0x00007ff9af210000 - 0x00007ff9af2da000 	C:\WINDOWS\SYSTEM32\DNSAPI.dll
0x00007ff9a5bd0000 - 0x00007ff9a5bdd000 	C:\Program Files\Java\jdk1.8.0_201\jre\bin\management.dll
0x00007ff987bd0000 - 0x00007ff987bf4000 	C:\Program Files\Java\jdk1.8.0_201\jre\bin\sunec.dll
0x00007ff9a41a0000 - 0x00007ff9a41aa000 	C:\Windows\System32\rasadhlp.dll
0x00007ff99c730000 - 0x00007ff99c7b0000 	C:\WINDOWS\System32\fwpuclnt.dll
0x00007ff9a4d50000 - 0x00007ff9a4d5b000 	C:\Program Files\Java\jdk1.8.0_201\jre\bin\sunmscapi.dll
0x00007ff9aff00000 - 0x00007ff9b0056000 	C:\WINDOWS\System32\CRYPT32.dll

VM Arguments:
jvm_args: -Xms512m -Xmx1024m -Dorg.gradle.appname=gradlew 
java_command: org.gradle.wrapper.GradleWrapperMain war
java_class_path (initial): C:\Users\HP\Documents\GitHub\Java\incubator-fineract\\gradle\wrapper\gradle-wrapper.jar
Launcher Type: SUN_STANDARD

Environment Variables:
JAVA_HOME=C:\Program Files\Java\jdk1.8.0_201
JRE_HOME=C:\Program Files\Java\jre1.8.0_201
CLASSPATH=C:\Users\HP\Documents\GitHub\Java\incubator-fineract\\gradle\wrapper\gradle-wrapper.jar
PATH=C:\Program Files (x86)\Common Files\Oracle\Java\javapath;C:\WINDOWS\system32;C:\WINDOWS;C:\WINDOWS\System32\Wbem;C:\WINDOWS\System32\WindowsPowerShell\v1.0\;C:\WINDOWS\System32\OpenSSH\;C:\Program Files\Git\cmd;C:\Program Files\PuTTY\;C:\Program Files (x86)\Intel\Intel(R) Management Engine Components\DAL;C:\Program Files\Intel\Intel(R) Management Engine Components\DAL;C:\Users\HP\AppData\Local\Programs\Python\Python311\;C:\Program Files\MySQL\MySQL Server 5.5\bin;C:\Program Files\nodejs\;C:\Program Files\Docker\Docker\resources\bin;C:\Users\HP\AppData\Local\Microsoft\WindowsApps;C:\Users\HP\AppData\Local\GitHubDesktop\bin;;C:\Users\HP\AppData\Local\Programs\Microsoft VS Code\bin;c:\users\hp\.local\bin;c:\users\hp\appdata\roaming\python\python311\scripts;C:\Users\HP\.ebcli-virtual-env\executables;C:\Users\HP\AppData\Roaming\npm
USERNAME=HP
OS=Windows_NT
PROCESSOR_IDENTIFIER=Intel64 Family 6 Model 78 Stepping 3, GenuineIntel



---------------  S Y S T E M  ---------------

OS: Windows 10.0 , 64 bit Build 19041 (10.0.19041.2364)

CPU:total 4 (initial active 4) (2 cores per cpu, 2 threads per core) family 6 model 78 stepping 3, cmov, cx8, fxsr, mmx, sse, sse2, sse3, ssse3, sse4.1, sse4.2, popcnt, avx, avx2, aes, clmul, erms, rtm, 3dnowpref, lzcnt, ht, tsc, tscinvbit, bmi1, bmi2, adx

Memory: 4k page, physical 16654948k(1037476k free), swap 27687568k(588k free)

vm_info: Java HotSpot(TM) 64-Bit Server VM (25.201-b09) for windows-amd64 JRE (1.8.0_201-b09), built on Dec 15 2018 18:36:39 by "java_re" with MS VC++ 10.0 (VS2010)

time: Sun Jan 29 16:34:17 2023
timezone: South Africa Standard Time
elapsed time: 70 seconds (0d 0h 1m 10s)

