#
# There is insufficient memory for the Java Runtime Environment to continue.
# Native memory allocation (malloc) failed to allocate 1472032 bytes for Chunk::new
# Possible reasons:
#   The system is out of physical RAM or swap space
#   The process is running with CompressedOops enabled, and the Java Heap may be blocking the growth of the native heap
# Possible solutions:
#   Reduce memory load on the system
#   Increase physical memory or swap space
#   Check if swap backing store is full
#   Decrease Java heap size (-Xmx/-Xms)
#   Decrease number of Java threads
#   Decrease Java thread stack sizes (-Xss)
#   Set larger code cache with -XX:ReservedCodeCacheSize=
#   JVM is running with Unscaled Compressed Oops mode in which the Java heap is
#     placed in the first 4GB address space. The Java Heap base address is the
#     maximum limit for the native heap growth. Please use -XX:HeapBaseMinAddress
#     to set the Java Heap base and to place the Java Heap above 4GB virtual address.
# This output file may be truncated or incomplete.
#
#  Out of Memory Error (allocation.cpp:390), pid=34164, tid=0x0000000000008f48
#
# JRE version: Java(TM) SE Runtime Environment (8.0_201-b09) (build 1.8.0_201-b09)
# Java VM: Java HotSpot(TM) 64-Bit Server VM (25.201-b09 mixed mode windows-amd64 compressed oops)
# Failed to write core dump. Minidumps are not enabled by default on client versions of Windows
#

---------------  T H R E A D  ---------------

Current thread (0x00000000151b8800):  JavaThread "C2 CompilerThread0" daemon [_thread_in_native, id=36680, stack(0x0000000016820000,0x0000000016920000)]

Stack: [0x0000000016820000,0x0000000016920000]
[error occurred during error reporting (printing stack bounds), id 0xc0000005]

Native frames: (J=compiled Java code, j=interpreted, Vv=VM code, C=native code)


Current CompileTask:
C2:   8918 3432   !   4       com.sun.beans.TypeResolver::resolve (274 bytes)


---------------  P R O C E S S  ---------------

Java Threads: ( => current thread )
  0x0000000016e6b000 JavaThread "File lock request listener" [_thread_in_native, id=13932, stack(0x0000000017920000,0x0000000017a20000)]
  0x000000001520e800 JavaThread "Service Thread" daemon [_thread_blocked, id=9792, stack(0x0000000016f20000,0x0000000017020000)]
  0x00000000151e0800 JavaThread "C1 CompilerThread2" daemon [_thread_blocked, id=1196, stack(0x0000000016a20000,0x0000000016b20000)]
  0x00000000151bb800 JavaThread "C2 CompilerThread1" daemon [_thread_in_native, id=27172, stack(0x0000000016920000,0x0000000016a20000)]
=>0x00000000151b8800 JavaThread "C2 CompilerThread0" daemon [_thread_in_native, id=36680, stack(0x0000000016820000,0x0000000016920000)]
  0x00000000151b5800 JavaThread "Attach Listener" daemon [_thread_blocked, id=716, stack(0x0000000016720000,0x0000000016820000)]
  0x0000000002ade000 JavaThread "Signal Dispatcher" daemon [_thread_blocked, id=39384, stack(0x0000000016620000,0x0000000016720000)]
  0x0000000002ad5000 JavaThread "Finalizer" daemon [_thread_blocked, id=25692, stack(0x0000000016420000,0x0000000016520000)]
  0x0000000002ad2000 JavaThread "Reference Handler" daemon [_thread_blocked, id=36388, stack(0x0000000016320000,0x0000000016420000)]
  0x00000000029e2800 JavaThread "main" [_thread_in_Java, id=33900, stack(0x00000000028e0000,0x00000000029e0000)]

Other Threads:
  0x0000000015177800 VMThread [stack: 0x0000000016220000,0x0000000016320000] [id=4796]
  0x0000000016b4d800 WatcherThread [stack: 0x0000000017020000,0x0000000017120000] [id=18168]

VM state:not at safepoint (normal execution)

VM Mutex/Monitor currently owned by a thread: None

heap address: 0x00000000c0000000, size: 1024 MB, Compressed Oops mode: 32-bit
Narrow klass base: 0x0000000000000000, Narrow klass shift: 3
Compressed class space size: 1073741824 Address: 0x0000000100000000

Heap:
 PSYoungGen      total 153088K, used 138060K [0x00000000eab00000, 0x00000000f5580000, 0x0000000100000000)
  eden space 131584K, 96% used [0x00000000eab00000,0x00000000f275c390,0x00000000f2b80000)
  from space 21504K, 49% used [0x00000000f2b80000,0x00000000f35f6cd8,0x00000000f4080000)
  to   space 21504K, 0% used [0x00000000f4080000,0x00000000f4080000,0x00000000f5580000)
 ParOldGen       total 349696K, used 8847K [0x00000000c0000000, 0x00000000d5580000, 0x00000000eab00000)
  object space 349696K, 2% used [0x00000000c0000000,0x00000000c08a3da0,0x00000000d5580000)
 Metaspace       used 31879K, capacity 32674K, committed 32896K, reserved 1077248K
  class space    used 4466K, capacity 4682K, committed 4736K, reserved 1048576K

Card table byte_map: [0x0000000011ea0000,0x00000000120b0000] byte_map_base: 0x00000000118a0000

Marking Bits: (ParMarkBitMap*) 0x000000005b8b4ce0
 Begin Bits: [0x0000000012610000, 0x0000000013610000)
 End Bits:   [0x0000000013610000, 0x0000000014610000)

Polling page: 0x0000000000b20000

CodeCache: size=245760Kb used=13673Kb max_used=13673Kb free=232086Kb
 bounds [0x0000000002ae0000, 0x0000000003850000, 0x0000000011ae0000]
 total_blobs=4199 nmethods=3533 adapters=577
 compilation: enabled

Compilation events (10 events):
Event: 8.883 Thread 0x00000000151e0800 3577       3       groovyjarjarasm.asm.ClassWriter::visitMethod (24 bytes)
Event: 8.883 Thread 0x00000000151e0800 nmethod 3577 0x000000000382ff10 code [0x0000000003830080, 0x00000000038302c8]
Event: 8.883 Thread 0x00000000151e0800 3578       3       groovyjarjarasm.asm.MethodWriter::<init> (268 bytes)
Event: 8.884 Thread 0x00000000151e0800 nmethod 3578 0x0000000003832d10 code [0x0000000003832f40, 0x0000000003833c28]
Event: 8.884 Thread 0x00000000151e0800 3579       3       org.codehaus.groovy.reflection.ParameterTypes::coerceArgumentsToClasses (55 bytes)
Event: 8.884 Thread 0x00000000151e0800 nmethod 3579 0x000000000382f5d0 code [0x000000000382f760, 0x000000000382fcb8]
Event: 8.886 Thread 0x00000000151e0800 3580       1       com.google.common.cache.LocalCache$1::get (2 bytes)
Event: 8.886 Thread 0x00000000151e0800 nmethod 3580 0x000000000382f310 code [0x000000000382f460, 0x000000000382f570]
Event: 8.894 Thread 0x00000000151e0800 3581       3       sun.reflect.ClassFileAssembler::emitConstantPoolMethodref (28 bytes)
Event: 8.894 Thread 0x00000000151e0800 nmethod 3581 0x0000000003831ed0 code [0x00000000038320c0, 0x00000000038327a8]

GC Heap History (8 events):
Event: 5.584 GC heap before
{Heap before GC invocations=1 (full 0):
 PSYoungGen      total 153088K, used 131584K [0x00000000eab00000, 0x00000000f5580000, 0x0000000100000000)
  eden space 131584K, 100% used [0x00000000eab00000,0x00000000f2b80000,0x00000000f2b80000)
  from space 21504K, 0% used [0x00000000f4080000,0x00000000f4080000,0x00000000f5580000)
  to   space 21504K, 0% used [0x00000000f2b80000,0x00000000f2b80000,0x00000000f4080000)
 ParOldGen       total 349696K, used 0K [0x00000000c0000000, 0x00000000d5580000, 0x00000000eab00000)
  object space 349696K, 0% used [0x00000000c0000000,0x00000000c0000000,0x00000000d5580000)
 Metaspace       used 19960K, capacity 20230K, committed 20608K, reserved 1067008K
  class space    used 2725K, capacity 2834K, committed 2944K, reserved 1048576K
Event: 5.617 GC heap after
Heap after GC invocations=1 (full 0):
 PSYoungGen      total 153088K, used 18089K [0x00000000eab00000, 0x00000000f5580000, 0x0000000100000000)
  eden space 131584K, 0% used [0x00000000eab00000,0x00000000eab00000,0x00000000f2b80000)
  from space 21504K, 84% used [0x00000000f2b80000,0x00000000f3d2a400,0x00000000f4080000)
  to   space 21504K, 0% used [0x00000000f4080000,0x00000000f4080000,0x00000000f5580000)
 ParOldGen       total 349696K, used 8K [0x00000000c0000000, 0x00000000d5580000, 0x00000000eab00000)
  object space 349696K, 0% used [0x00000000c0000000,0x00000000c0002000,0x00000000d5580000)
 Metaspace       used 19960K, capacity 20230K, committed 20608K, reserved 1067008K
  class space    used 2725K, capacity 2834K, committed 2944K, reserved 1048576K
}
Event: 5.869 GC heap before
{Heap before GC invocations=2 (full 0):
 PSYoungGen      total 153088K, used 37560K [0x00000000eab00000, 0x00000000f5580000, 0x0000000100000000)
  eden space 131584K, 14% used [0x00000000eab00000,0x00000000ebe03cb0,0x00000000f2b80000)
  from space 21504K, 84% used [0x00000000f2b80000,0x00000000f3d2a400,0x00000000f4080000)
  to   space 21504K, 0% used [0x00000000f4080000,0x00000000f4080000,0x00000000f5580000)
 ParOldGen       total 349696K, used 8K [0x00000000c0000000, 0x00000000d5580000, 0x00000000eab00000)
  object space 349696K, 0% used [0x00000000c0000000,0x00000000c0002000,0x00000000d5580000)
 Metaspace       used 20946K, capacity 21200K, committed 21296K, reserved 1067008K
  class space    used 2852K, capacity 2944K, committed 2944K, reserved 1048576K
Event: 5.885 GC heap after
Heap after GC invocations=2 (full 0):
 PSYoungGen      total 153088K, used 8909K [0x00000000eab00000, 0x00000000f5580000, 0x0000000100000000)
  eden space 131584K, 0% used [0x00000000eab00000,0x00000000eab00000,0x00000000f2b80000)
  from space 21504K, 41% used [0x00000000f4080000,0x00000000f4933520,0x00000000f5580000)
  to   space 21504K, 0% used [0x00000000f2b80000,0x00000000f2b80000,0x00000000f4080000)
 ParOldGen       total 349696K, used 16K [0x00000000c0000000, 0x00000000d5580000, 0x00000000eab00000)
  object space 349696K, 0% used [0x00000000c0000000,0x00000000c0004000,0x00000000d5580000)
 Metaspace       used 20946K, capacity 21200K, committed 21296K, reserved 1067008K
  class space    used 2852K, capacity 2944K, committed 2944K, reserved 1048576K
}
Event: 5.885 GC heap before
{Heap before GC invocations=3 (full 1):
 PSYoungGen      total 153088K, used 8909K [0x00000000eab00000, 0x00000000f5580000, 0x0000000100000000)
  eden space 131584K, 0% used [0x00000000eab00000,0x00000000eab00000,0x00000000f2b80000)
  from space 21504K, 41% used [0x00000000f4080000,0x00000000f4933520,0x00000000f5580000)
  to   space 21504K, 0% used [0x00000000f2b80000,0x00000000f2b80000,0x00000000f4080000)
 ParOldGen       total 349696K, used 16K [0x00000000c0000000, 0x00000000d5580000, 0x00000000eab00000)
  object space 349696K, 0% used [0x00000000c0000000,0x00000000c0004000,0x00000000d5580000)
 Metaspace       used 20946K, capacity 21200K, committed 21296K, reserved 1067008K
  class space    used 2852K, capacity 2944K, committed 2944K, reserved 1048576K
Event: 5.950 GC heap after
Heap after GC invocations=3 (full 1):
 PSYoungGen      total 153088K, used 0K [0x00000000eab00000, 0x00000000f5580000, 0x0000000100000000)
  eden space 131584K, 0% used [0x00000000eab00000,0x00000000eab00000,0x00000000f2b80000)
  from space 21504K, 0% used [0x00000000f4080000,0x00000000f4080000,0x00000000f5580000)
  to   space 21504K, 0% used [0x00000000f2b80000,0x00000000f2b80000,0x00000000f4080000)
 ParOldGen       total 349696K, used 8775K [0x00000000c0000000, 0x00000000d5580000, 0x00000000eab00000)
  object space 349696K, 2% used [0x00000000c0000000,0x00000000c0891d90,0x00000000d5580000)
 Metaspace       used 20946K, capacity 21200K, committed 21296K, reserved 1067008K
  class space    used 2852K, capacity 2944K, committed 2944K, reserved 1048576K
}
Event: 7.519 GC heap before
{Heap before GC invocations=4 (full 1):
 PSYoungGen      total 153088K, used 131584K [0x00000000eab00000, 0x00000000f5580000, 0x0000000100000000)
  eden space 131584K, 100% used [0x00000000eab00000,0x00000000f2b80000,0x00000000f2b80000)
  from space 21504K, 0% used [0x00000000f4080000,0x00000000f4080000,0x00000000f5580000)
  to   space 21504K, 0% used [0x00000000f2b80000,0x00000000f2b80000,0x00000000f4080000)
 ParOldGen       total 349696K, used 8775K [0x00000000c0000000, 0x00000000d5580000, 0x00000000eab00000)
  object space 349696K, 2% used [0x00000000c0000000,0x00000000c0891d90,0x00000000d5580000)
 Metaspace       used 28702K, capacity 29382K, committed 29824K, reserved 1075200K
  class space    used 3899K, capacity 4116K, committed 4224K, reserved 1048576K
Event: 7.531 GC heap after
Heap after GC invocations=4 (full 1):
 PSYoungGen      total 153088K, used 10715K [0x00000000eab00000, 0x00000000f5580000, 0x0000000100000000)
  eden space 131584K, 0% used [0x00000000eab00000,0x00000000eab00000,0x00000000f2b80000)
  from space 21504K, 49% used [0x00000000f2b80000,0x00000000f35f6cd8,0x00000000f4080000)
  to   space 21504K, 0% used [0x00000000f4080000,0x00000000f4080000,0x00000000f5580000)
 ParOldGen       total 349696K, used 8847K [0x00000000c0000000, 0x00000000d5580000, 0x00000000eab00000)
  object space 349696K, 2% used [0x00000000c0000000,0x00000000c08a3da0,0x00000000d5580000)
 Metaspace       used 28702K, capacity 29382K, committed 29824K, reserved 1075200K
  class space    used 3899K, capacity 4116K, committed 4224K, reserved 1048576K
}

Deoptimization events (10 events):
Event: 7.218 Thread 0x00000000029e2800 Uncommon trap: reason=unstable_if action=reinterpret pc=0x000000000337027c method=java.util.AbstractCollection.toArray([Ljava/lang/Object;)[Ljava/lang/Object; @ 8
Event: 7.705 Thread 0x00000000029e2800 Uncommon trap: reason=predicate action=maybe_recompile pc=0x0000000003437b4c method=java.util.Arrays$ArrayList.indexOf(Ljava/lang/Object;)I @ 42
Event: 7.887 Thread 0x00000000029e2800 Uncommon trap: reason=unstable_if action=reinterpret pc=0x000000000371102c method=org.objectweb.asm.Type.getArgumentsAndReturnSizes(Ljava/lang/String;)I @ 47
Event: 8.372 Thread 0x00000000029e2800 Uncommon trap: reason=unstable_if action=reinterpret pc=0x0000000003757b98 method=groovy.lang.MetaClassImpl$1MOPIter.methodNameAction(Ljava/lang/Class;Lorg/codehaus/groovy/runtime/metaclass/MetaMethodIndex$Entry;)V @ 95
Event: 8.613 Thread 0x00000000029e2800 Uncommon trap: reason=class_check action=maybe_recompile pc=0x000000000352bed4 method=groovy.lang.MetaMethod.isStatic()Z @ 1
Event: 8.613 Thread 0x00000000029e2800 Uncommon trap: reason=class_check action=maybe_recompile pc=0x000000000352bed4 method=groovy.lang.MetaMethod.isStatic()Z @ 1
Event: 8.614 Thread 0x00000000029e2800 Uncommon trap: reason=bimorphic action=maybe_recompile pc=0x0000000002bec700 method=groovy.lang.MetaClassImpl.filterPropertyMethod(Ljava/lang/Object;ZZ)Ljava/lang/Object; @ 171
Event: 8.779 Thread 0x00000000029e2800 Uncommon trap: reason=class_check action=maybe_recompile pc=0x000000000352bed4 method=groovy.lang.MetaMethod.isStatic()Z @ 1
Event: 8.779 Thread 0x00000000029e2800 Uncommon trap: reason=class_check action=maybe_recompile pc=0x000000000352bed4 method=groovy.lang.MetaMethod.isStatic()Z @ 1
Event: 8.780 Thread 0x00000000029e2800 Uncommon trap: reason=bimorphic action=maybe_recompile pc=0x0000000002bec700 method=groovy.lang.MetaClassImpl.filterPropertyMethod(Ljava/lang/Object;ZZ)Ljava/lang/Object; @ 171

Classes redefined (0 events):
No events

Internal exceptions (10 events):
Event: 8.880 Thread 0x00000000029e2800 Exception <a 'java/lang/ClassNotFoundException': org/gradle/invocation/DefaultGradleCustomizer> (0x00000000f21120a8) thrown at [C:\re\workspace\8-2-build-windows-amd64-cygwin\jdk8u201\12322\hotspot\src\share\vm\classfile\systemDictionary.cpp, line 210]
Event: 8.881 Thread 0x00000000029e2800 Exception <a 'java/lang/ClassNotFoundException': org/gradle/invocation/DefaultGradle_DecoratedCustomizer> (0x00000000f2159478) thrown at [C:\re\workspace\8-2-build-windows-amd64-cygwin\jdk8u201\12322\hotspot\src\share\vm\classfile\systemDictionary.cpp, li
Event: 8.888 Thread 0x00000000029e2800 Exception <a 'java/lang/ClassNotFoundException': org/gradle/plugins/ide/idea/IdeaPluginBeanInfo> (0x00000000f222f848) thrown at [C:\re\workspace\8-2-build-windows-amd64-cygwin\jdk8u201\12322\hotspot\src\share\vm\classfile\systemDictionary.cpp, line 210]
Event: 8.889 Thread 0x00000000029e2800 Exception <a 'java/lang/ClassNotFoundException': org/gradle/plugins/ide/idea/IdeaPluginCustomizer> (0x00000000f225d458) thrown at [C:\re\workspace\8-2-build-windows-amd64-cygwin\jdk8u201\12322\hotspot\src\share\vm\classfile\systemDictionary.cpp, line 210]
Event: 8.900 Thread 0x00000000029e2800 Exception <a 'java/lang/ClassNotFoundException': org/gradle/plugins/ide/idea/model/IdeaWorkspaceBeanInfo> (0x00000000f2323c88) thrown at [C:\re\workspace\8-2-build-windows-amd64-cygwin\jdk8u201\12322\hotspot\src\share\vm\classfile\systemDictionary.cpp, li
Event: 8.901 Thread 0x00000000029e2800 Exception <a 'java/lang/ClassNotFoundException': org/gradle/plugins/ide/idea/model/IdeaWorkspaceCustomizer> (0x00000000f2357838) thrown at [C:\re\workspace\8-2-build-windows-amd64-cygwin\jdk8u201\12322\hotspot\src\share\vm\classfile\systemDictionary.cpp, 
Event: 8.903 Thread 0x00000000029e2800 Exception <a 'java/lang/ClassNotFoundException': org/gradle/plugins/ide/idea/model/IdeaModel_DecoratedBeanInfo> (0x00000000f23bd6b0) thrown at [C:\re\workspace\8-2-build-windows-amd64-cygwin\jdk8u201\12322\hotspot\src\share\vm\classfile\systemDictionary.c
Event: 8.903 Thread 0x00000000029e2800 Exception <a 'java/lang/ClassNotFoundException': org/gradle/plugins/ide/idea/model/IdeaModelBeanInfo> (0x00000000f23ef0a8) thrown at [C:\re\workspace\8-2-build-windows-amd64-cygwin\jdk8u201\12322\hotspot\src\share\vm\classfile\systemDictionary.cpp, line 2
Event: 8.904 Thread 0x00000000029e2800 Exception <a 'java/lang/ClassNotFoundException': org/gradle/plugins/ide/idea/model/IdeaModelCustomizer> (0x00000000f24215b8) thrown at [C:\re\workspace\8-2-build-windows-amd64-cygwin\jdk8u201\12322\hotspot\src\share\vm\classfile\systemDictionary.cpp, line
Event: 8.905 Thread 0x00000000029e2800 Exception <a 'java/lang/ClassNotFoundException': org/gradle/plugins/ide/idea/model/IdeaModel_DecoratedCustomizer> (0x00000000f2469380) thrown at [C:\re\workspace\8-2-build-windows-amd64-cygwin\jdk8u201\12322\hotspot\src\share\vm\classfile\systemDictionary

Events (10 events):
Event: 8.905 loading class org/gradle/plugins/ide/idea/model/IdeaModel_DecoratedCustomizer
Event: 8.905 loading class org/gradle/plugins/ide/idea/model/IdeaModel_DecoratedCustomizer done
Event: 8.905 loading class org/gradle/plugins/ide/idea/model/IdeaModel_DecoratedCustomizer
Event: 8.905 loading class org/gradle/plugins/ide/idea/model/IdeaModel_DecoratedCustomizer done
Event: 8.905 loading class org/gradle/plugins/ide/idea/model/IdeaModel_DecoratedCustomizer
Event: 8.905 loading class org/gradle/plugins/ide/idea/model/IdeaModel_DecoratedCustomizer done
Event: 8.906 loading class org/gradle/plugins/ide/idea/GenerateIdeaWorkspace
Event: 8.906 loading class org/gradle/plugins/ide/idea/GenerateIdeaWorkspace done
Event: 8.906 loading class org/gradle/plugins/ide/idea/IdeaPlugin$_configureIdeaWorkspace_closure2
Event: 8.906 loading class org/gradle/plugins/ide/idea/IdeaPlugin$_configureIdeaWorkspace_closure2 done


Dynamic libraries:
0x00007ff7fe180000 - 0x00007ff7fe1b7000 	C:\Program Files\Java\jdk1.8.0_201\bin\java.exe
0x00007ff9b2710000 - 0x00007ff9b2908000 	C:\WINDOWS\SYSTEM32\ntdll.dll
0x00007ff9b1ee0000 - 0x00007ff9b1f9f000 	C:\WINDOWS\System32\KERNEL32.DLL
0x00007ff9b0320000 - 0x00007ff9b05f2000 	C:\WINDOWS\System32\KERNELBASE.dll
0x00007ff9b2090000 - 0x00007ff9b213e000 	C:\WINDOWS\System32\ADVAPI32.dll
0x00007ff9b1b70000 - 0x00007ff9b1c0e000 	C:\WINDOWS\System32\msvcrt.dll
0x00007ff9b1e40000 - 0x00007ff9b1edc000 	C:\WINDOWS\System32\sechost.dll
0x00007ff9b15e0000 - 0x00007ff9b1705000 	C:\WINDOWS\System32\RPCRT4.dll
0x00007ff9b1c90000 - 0x00007ff9b1e31000 	C:\WINDOWS\System32\USER32.dll
0x00007ff9b0630000 - 0x00007ff9b0652000 	C:\WINDOWS\System32\win32u.dll
0x00007ff9b1550000 - 0x00007ff9b157b000 	C:\WINDOWS\System32\GDI32.dll
0x00007ff9b0210000 - 0x00007ff9b031f000 	C:\WINDOWS\System32\gdi32full.dll
0x00007ff9b0660000 - 0x00007ff9b06fd000 	C:\WINDOWS\System32\msvcp_win.dll
0x00007ff9afe00000 - 0x00007ff9aff00000 	C:\WINDOWS\System32\ucrtbase.dll
0x00007ff992b10000 - 0x00007ff992daa000 	C:\WINDOWS\WinSxS\amd64_microsoft.windows.common-controls_6595b64144ccf1df_6.0.19041.1110_none_60b5254171f9507e\COMCTL32.dll
0x00007ff9b1880000 - 0x00007ff9b18b2000 	C:\WINDOWS\System32\IMM32.DLL
0x000000005b940000 - 0x000000005ba11000 	C:\Program Files\Java\jdk1.8.0_201\jre\bin\msvcr100.dll
0x000000005b090000 - 0x000000005b934000 	C:\Program Files\Java\jdk1.8.0_201\jre\bin\server\jvm.dll
0x00007ff9b26c0000 - 0x00007ff9b26c8000 	C:\WINDOWS\System32\PSAPI.DLL
0x00007ff98d4b0000 - 0x00007ff98d4d7000 	C:\WINDOWS\SYSTEM32\WINMM.dll
0x00007ff9a53f0000 - 0x00007ff9a53fa000 	C:\WINDOWS\SYSTEM32\VERSION.dll
0x00007ff991460000 - 0x00007ff991469000 	C:\WINDOWS\SYSTEM32\WSOCK32.dll
0x00007ff9b2140000 - 0x00007ff9b21ab000 	C:\WINDOWS\System32\WS2_32.dll
0x00007ff996d60000 - 0x00007ff996d6f000 	C:\Program Files\Java\jdk1.8.0_201\jre\bin\verify.dll
0x00007ff987ef0000 - 0x00007ff987f19000 	C:\Program Files\Java\jdk1.8.0_201\jre\bin\java.dll
0x00007ff991500000 - 0x00007ff991516000 	C:\Program Files\Java\jdk1.8.0_201\jre\bin\zip.dll
0x00007ff9b0900000 - 0x00007ff9b1044000 	C:\WINDOWS\System32\SHELL32.dll
0x00007ff9adea0000 - 0x00007ff9ae632000 	C:\WINDOWS\SYSTEM32\windows.storage.dll
0x00007ff9b2290000 - 0x00007ff9b25e5000 	C:\WINDOWS\System32\combase.dll
0x00007ff9af780000 - 0x00007ff9af7b0000 	C:\WINDOWS\SYSTEM32\Wldp.dll
0x00007ff9b17d0000 - 0x00007ff9b187d000 	C:\WINDOWS\System32\SHCORE.dll
0x00007ff9b1580000 - 0x00007ff9b15d5000 	C:\WINDOWS\System32\shlwapi.dll
0x00007ff9afd40000 - 0x00007ff9afd5f000 	C:\WINDOWS\SYSTEM32\profapi.dll
0x00007ff9a5bd0000 - 0x00007ff9a5bea000 	C:\Program Files\Java\jdk1.8.0_201\jre\bin\net.dll
0x00007ff99af70000 - 0x00007ff99b15d000 	C:\WINDOWS\SYSTEM32\urlmon.dll
0x00007ff9993d0000 - 0x00007ff9993f8000 	C:\WINDOWS\SYSTEM32\srvcli.dll
0x00007ff999940000 - 0x00007ff999bf1000 	C:\WINDOWS\SYSTEM32\iertutil.dll
0x00007ff9af330000 - 0x00007ff9af33c000 	C:\WINDOWS\SYSTEM32\netutils.dll
0x00007ff9af4e0000 - 0x00007ff9af54a000 	C:\WINDOWS\system32\mswsock.dll
0x00007ff99c690000 - 0x00007ff99c6a1000 	C:\Program Files\Java\jdk1.8.0_201\jre\bin\nio.dll
0x00007ff98c4f0000 - 0x00007ff98c502000 	C:\Users\HP\.gradle\native\19\windows-amd64\native-platform.dll
0x0000000180000000 - 0x0000000180037000 	C:\Users\HP\.gradle\native\jna\win32-amd64\jnidispatch.dll
0x00007ff9af6d0000 - 0x00007ff9af6e8000 	C:\WINDOWS\SYSTEM32\CRYPTSP.dll
0x00007ff9aee00000 - 0x00007ff9aee34000 	C:\WINDOWS\system32\rsaenh.dll
0x00007ff9b0600000 - 0x00007ff9b0627000 	C:\WINDOWS\System32\bcrypt.dll
0x00007ff9afcc0000 - 0x00007ff9afcee000 	C:\WINDOWS\SYSTEM32\USERENV.dll
0x00007ff9b0060000 - 0x00007ff9b00e2000 	C:\WINDOWS\System32\bcryptprimitives.dll
0x00007ff9af6f0000 - 0x00007ff9af6fc000 	C:\WINDOWS\SYSTEM32\CRYPTBASE.dll
0x00007ff9af1d0000 - 0x00007ff9af20b000 	C:\WINDOWS\SYSTEM32\IPHLPAPI.DLL
0x00007ff9b1540000 - 0x00007ff9b1548000 	C:\WINDOWS\System32\NSI.dll
0x00007ff9a17f0000 - 0x00007ff9a1807000 	C:\WINDOWS\SYSTEM32\dhcpcsvc6.DLL
0x00007ff9a3ad0000 - 0x00007ff9a3aed000 	C:\WINDOWS\SYSTEM32\dhcpcsvc.DLL
0x00007ff9af210000 - 0x00007ff9af2da000 	C:\WINDOWS\SYSTEM32\DNSAPI.dll
0x00007ff9a83e0000 - 0x00007ff9a83ed000 	C:\Program Files\Java\jdk1.8.0_201\jre\bin\management.dll

VM Arguments:
jvm_args: -Xms512m -Xmx1024m -Dorg.gradle.appname=gradlew 
java_command: org.gradle.wrapper.GradleWrapperMain war
java_class_path (initial): C:\Users\HP\Documents\GitHub\Java\incubator-fineract\\gradle\wrapper\gradle-wrapper.jar
Launcher Type: SUN_STANDARD

Environment Variables:
JAVA_HOME=C:\Program Files\Java\jdk1.8.0_201
JRE_HOME=C:\Program Files\Java\jre1.8.0_201
CLASSPATH=C:\Users\HP\Documents\GitHub\Java\incubator-fineract\\gradle\wrapper\gradle-wrapper.jar
PATH=C:\Program Files (x86)\Common Files\Oracle\Java\javapath;C:\WINDOWS\system32;C:\WINDOWS;C:\WINDOWS\System32\Wbem;C:\WINDOWS\System32\WindowsPowerShell\v1.0\;C:\WINDOWS\System32\OpenSSH\;C:\Program Files\Git\cmd;C:\Program Files\PuTTY\;C:\Program Files (x86)\Intel\Intel(R) Management Engine Components\DAL;C:\Program Files\Intel\Intel(R) Management Engine Components\DAL;C:\Users\HP\AppData\Local\Programs\Python\Python311\;C:\Program Files\MySQL\MySQL Server 5.5\bin;C:\Program Files\nodejs\;C:\Program Files\Docker\Docker\resources\bin;C:\Users\HP\AppData\Local\Microsoft\WindowsApps;C:\Users\HP\AppData\Local\GitHubDesktop\bin;;C:\Users\HP\AppData\Local\Programs\Microsoft VS Code\bin;c:\users\hp\.local\bin;c:\users\hp\appdata\roaming\python\python311\scripts;C:\Users\HP\.ebcli-virtual-env\executables;C:\Users\HP\AppData\Roaming\npm
USERNAME=HP
OS=Windows_NT
PROCESSOR_IDENTIFIER=Intel64 Family 6 Model 78 Stepping 3, GenuineIntel



---------------  S Y S T E M  ---------------

OS: Windows 10.0 , 64 bit Build 19041 (10.0.19041.2364)

CPU:total 4 (initial active 4) (2 cores per cpu, 2 threads per core) family 6 model 78 stepping 3, cmov, cx8, fxsr, mmx, sse, sse2, sse3, ssse3, sse4.1, sse4.2, popcnt, avx, avx2, aes, clmul, erms, rtm, 3dnowpref, lzcnt, ht, tsc, tscinvbit, bmi1, bmi2, adx

Memory: 4k page, physical 16654948k(2276336k free), swap 27687568k(6804k free)

vm_info: Java HotSpot(TM) 64-Bit Server VM (25.201-b09) for windows-amd64 JRE (1.8.0_201-b09), built on Dec 15 2018 18:36:39 by "java_re" with MS VC++ 10.0 (VS2010)

time: Sun Jan 29 17:05:36 2023
timezone: South Africa Standard Time
elapsed time: 8 seconds (0d 0h 0m 8s)

