#
# There is insufficient memory for the Java Runtime Environment to continue.
# Native memory allocation (malloc) failed to allocate 375856 bytes for Chunk::new
# Possible reasons:
#   The system is out of physical RAM or swap space
#   The process is running with CompressedOops enabled, and the Java Heap may be blocking the growth of the native heap
# Possible solutions:
#   Reduce memory load on the system
#   Increase physical memory or swap space
#   Check if swap backing store is full
#   Decrease Java heap size (-Xmx/-Xms)
#   Decrease number of Java threads
#   Decrease Java thread stack sizes (-Xss)
#   Set larger code cache with -XX:ReservedCodeCacheSize=
#   JVM is running with Unscaled Compressed Oops mode in which the Java heap is
#     placed in the first 4GB address space. The Java Heap base address is the
#     maximum limit for the native heap growth. Please use -XX:HeapBaseMinAddress
#     to set the Java Heap base and to place the Java Heap above 4GB virtual address.
# This output file may be truncated or incomplete.
#
#  Out of Memory Error (allocation.cpp:389), pid=26612, tid=0x0000000000000cc8
#
# JRE version: Java(TM) SE Runtime Environment (8.0_311-b11) (build 1.8.0_311-b11)
# Java VM: Java HotSpot(TM) 64-Bit Server VM (25.311-b11 mixed mode windows-amd64 compressed oops)
# Failed to write core dump. Minidumps are not enabled by default on client versions of Windows
#

---------------  T H R E A D  ---------------

Current thread (0x00000181f3f3d800):  JavaThread "C2 CompilerThread0" daemon [_thread_in_native, id=3272, stack(0x0000002a22f00000,0x0000002a23000000)]

Stack: [0x0000002a22f00000,0x0000002a23000000]
Native frames: (J=compiled Java code, j=interpreted, Vv=VM code, C=native code)
V  [jvm.dll+0x32f239]
V  [jvm.dll+0x275882]
V  [jvm.dll+0x27652d]
V  [jvm.dll+0x26cf65]
V  [jvm.dll+0xd558c]
V  [jvm.dll+0xd5d8c]
V  [jvm.dll+0x470b13]
V  [jvm.dll+0x4383c8]
V  [jvm.dll+0x441215]
V  [jvm.dll+0x4405d5]
V  [jvm.dll+0x42b38b]
V  [jvm.dll+0xac22b]
V  [jvm.dll+0xaa88b]
V  [jvm.dll+0x23df22]
V  [jvm.dll+0x29253c]
C  [ucrtbase.dll+0x26c0c]
C  [KERNEL32.DLL+0x154e0]
C  [ntdll.dll+0x485b]


Current CompileTask:
C2: 134185 4448       4       org.gradle.api.internal.artifacts.ivyservice.ivyresolve.parser.IvyXmlModuleDescriptorParser$Parser::substitute (9 bytes)


---------------  P R O C E S S  ---------------

Java Threads: ( => current thread )
  0x00000181fa1de800 JavaThread "File lock request listener" [_thread_in_native, id=1616, stack(0x0000002a23500000,0x0000002a23600000)]
  0x00000181f5313800 JavaThread "Service Thread" daemon [_thread_blocked, id=20760, stack(0x0000002a23300000,0x0000002a23400000)]
  0x00000181f3f49800 JavaThread "C1 CompilerThread3" daemon [_thread_blocked, id=30272, stack(0x0000002a23200000,0x0000002a23300000)]
  0x00000181f3f47000 JavaThread "C2 CompilerThread2" daemon [_thread_in_native, id=8208, stack(0x0000002a23100000,0x0000002a23200000)]
  0x00000181f3f3f000 JavaThread "C2 CompilerThread1" daemon [_thread_in_native, id=17300, stack(0x0000002a23000000,0x0000002a23100000)]
=>0x00000181f3f3d800 JavaThread "C2 CompilerThread0" daemon [_thread_in_native, id=3272, stack(0x0000002a22f00000,0x0000002a23000000)]
  0x00000181f3f2e800 JavaThread "JDWP Event Helper Thread" daemon [_thread_blocked, id=24880, stack(0x0000002a22e00000,0x0000002a22f00000)]
  0x00000181f3f1e800 JavaThread "JDWP Transport Listener: dt_socket" daemon [_thread_in_native, id=19004, stack(0x0000002a22d00000,0x0000002a22e00000)]
  0x00000181f3f15000 JavaThread "Attach Listener" daemon [_thread_blocked, id=2212, stack(0x0000002a22c00000,0x0000002a22d00000)]
  0x00000181f3f12000 JavaThread "Signal Dispatcher" daemon [_thread_blocked, id=20604, stack(0x0000002a22b00000,0x0000002a22c00000)]
  0x00000181f3ef0800 JavaThread "Finalizer" daemon [_thread_blocked, id=19260, stack(0x0000002a22a00000,0x0000002a22b00000)]
  0x00000181f3eea000 JavaThread "Reference Handler" daemon [_thread_blocked, id=5544, stack(0x0000002a22900000,0x0000002a22a00000)]
  0x00000181efa65000 JavaThread "main" [_thread_in_vm, id=8956, stack(0x0000002a21f00000,0x0000002a22000000)]

Other Threads:
  0x00000181f3ec2800 VMThread [stack: 0x0000002a22800000,0x0000002a22900000] [id=25496]
  0x00000181f532e000 WatcherThread [stack: 0x0000002a23400000,0x0000002a23500000] [id=24844]

VM state:not at safepoint (normal execution)

VM Mutex/Monitor currently owned by a thread: None

heap address: 0x00000000e0000000, size: 512 MB, Compressed Oops mode: 32-bit
Narrow klass base: 0x0000000000000000, Narrow klass shift: 3
Compressed class space size: 1073741824 Address: 0x0000000100000000

Heap:
 PSYoungGen      total 153088K, used 63613K [0x00000000f5580000, 0x0000000100000000, 0x0000000100000000)
  eden space 131584K, 48% used [0x00000000f5580000,0x00000000f939f5c8,0x00000000fd600000)
  from space 21504K, 0% used [0x00000000fd600000,0x00000000fd600000,0x00000000feb00000)
  to   space 21504K, 0% used [0x00000000feb00000,0x00000000feb00000,0x0000000100000000)
 ParOldGen       total 349696K, used 33148K [0x00000000e0000000, 0x00000000f5580000, 0x00000000f5580000)
  object space 349696K, 9% used [0x00000000e0000000,0x00000000e205f2f8,0x00000000f5580000)
 Metaspace       used 37246K, capacity 38304K, committed 38400K, reserved 1081344K
  class space    used 5236K, capacity 5559K, committed 5632K, reserved 1048576K

Card table byte_map: [0x00000181f1740000,0x00000181f1850000] byte_map_base: 0x00000181f1040000

Marking Bits: (ParMarkBitMap*) 0x0000000065a48030
 Begin Bits: [0x00000181f1900000, 0x00000181f2100000)
 End Bits:   [0x00000181f2100000, 0x00000181f2900000)

Polling page: 0x00000181efb30000

CodeCache: size=245760Kb used=16317Kb max_used=16565Kb free=229442Kb
 bounds [0x0000018180000000, 0x0000018181040000, 0x000001818f000000]
 total_blobs=4627 nmethods=3979 adapters=565
 compilation: enabled

Compilation events (10 events):
Event: 134.144 Thread 0x00000181f3f47000 nmethod 4455 0x0000018180413690 code [0x0000018180413820, 0x0000018180413d58]
Event: 134.144 Thread 0x00000181f3f47000 4456       4       java.util.ArrayList$SubList$1::hasNext (20 bytes)
Event: 134.145 Thread 0x00000181f3f47000 nmethod 4456 0x00000181802aac90 code [0x00000181802aadc0, 0x00000181802aae78]
Event: 134.146 Thread 0x00000181f3f49800 4461       1       org.gradle.internal.component.model.AbstractModuleDescriptorBackedMetaData$DefaultConfigurationMetaData::access$100 (5 bytes)
Event: 134.147 Thread 0x00000181f3f49800 nmethod 4461 0x000001818098d990 code [0x000001818098dae0, 0x000001818098dbd8]
Event: 134.147 Thread 0x00000181f3f49800 4462       3       org.gradle.internal.component.local.model.DslOriginDependencyMetaDataWrapper::getRequested (10 bytes)
Event: 134.147 Thread 0x00000181f3f49800 nmethod 4462 0x0000018180a63a10 code [0x0000018180a63b80, 0x0000018180a63db0]
Event: 134.149 Thread 0x00000181f3f49800 4463       3       com.sun.org.apache.xerces.internal.utils.XMLSecurityPropertyManager::getValue (10 bytes)
Event: 134.149 Thread 0x00000181f3f49800 nmethod 4463 0x000001818061a090 code [0x000001818061a200, 0x000001818061a418]
Event: 134.153 Thread 0x00000181f3f47000 4464       4       java.util.Hashtable$Enumerator::nextElement (111 bytes)

GC Heap History (10 events):
Event: 6.064 GC heap before
{Heap before GC invocations=3 (full 1):
 PSYoungGen      total 153088K, used 8635K [0x00000000f5580000, 0x0000000100000000, 0x0000000100000000)
  eden space 131584K, 0% used [0x00000000f5580000,0x00000000f5580000,0x00000000fd600000)
  from space 21504K, 40% used [0x00000000feb00000,0x00000000ff36ec60,0x0000000100000000)
  to   space 21504K, 0% used [0x00000000fd600000,0x00000000fd600000,0x00000000feb00000)
 ParOldGen       total 349696K, used 24K [0x00000000e0000000, 0x00000000f5580000, 0x00000000f5580000)
  object space 349696K, 0% used [0x00000000e0000000,0x00000000e0006000,0x00000000f5580000)
 Metaspace       used 20920K, capacity 21200K, committed 21296K, reserved 1067008K
  class space    used 2821K, capacity 2944K, committed 2944K, reserved 1048576K
Event: 6.140 GC heap after
Heap after GC invocations=3 (full 1):
 PSYoungGen      total 153088K, used 0K [0x00000000f5580000, 0x0000000100000000, 0x0000000100000000)
  eden space 131584K, 0% used [0x00000000f5580000,0x00000000f5580000,0x00000000fd600000)
  from space 21504K, 0% used [0x00000000feb00000,0x00000000feb00000,0x0000000100000000)
  to   space 21504K, 0% used [0x00000000fd600000,0x00000000fd600000,0x00000000feb00000)
 ParOldGen       total 349696K, used 8487K [0x00000000e0000000, 0x00000000f5580000, 0x00000000f5580000)
  object space 349696K, 2% used [0x00000000e0000000,0x00000000e0849e68,0x00000000f5580000)
 Metaspace       used 20920K, capacity 21200K, committed 21296K, reserved 1067008K
  class space    used 2821K, capacity 2944K, committed 2944K, reserved 1048576K
}
Event: 8.483 GC heap before
{Heap before GC invocations=4 (full 1):
 PSYoungGen      total 153088K, used 131584K [0x00000000f5580000, 0x0000000100000000, 0x0000000100000000)
  eden space 131584K, 100% used [0x00000000f5580000,0x00000000fd600000,0x00000000fd600000)
  from space 21504K, 0% used [0x00000000feb00000,0x00000000feb00000,0x0000000100000000)
  to   space 21504K, 0% used [0x00000000fd600000,0x00000000fd600000,0x00000000feb00000)
 ParOldGen       total 349696K, used 8487K [0x00000000e0000000, 0x00000000f5580000, 0x00000000f5580000)
  object space 349696K, 2% used [0x00000000e0000000,0x00000000e0849e68,0x00000000f5580000)
 Metaspace       used 29006K, capacity 29650K, committed 30080K, reserved 1075200K
  class space    used 3903K, capacity 4118K, committed 4224K, reserved 1048576K
Event: 8.496 GC heap after
Heap after GC invocations=4 (full 1):
 PSYoungGen      total 153088K, used 11212K [0x00000000f5580000, 0x0000000100000000, 0x0000000100000000)
  eden space 131584K, 0% used [0x00000000f5580000,0x00000000f5580000,0x00000000fd600000)
  from space 21504K, 52% used [0x00000000fd600000,0x00000000fe0f3010,0x00000000feb00000)
  to   space 21504K, 0% used [0x00000000feb00000,0x00000000feb00000,0x0000000100000000)
 ParOldGen       total 349696K, used 8559K [0x00000000e0000000, 0x00000000f5580000, 0x00000000f5580000)
  object space 349696K, 2% used [0x00000000e0000000,0x00000000e085be78,0x00000000f5580000)
 Metaspace       used 29006K, capacity 29650K, committed 30080K, reserved 1075200K
  class space    used 3903K, capacity 4118K, committed 4224K, reserved 1048576K
}
Event: 10.543 GC heap before
{Heap before GC invocations=5 (full 1):
 PSYoungGen      total 153088K, used 142796K [0x00000000f5580000, 0x0000000100000000, 0x0000000100000000)
  eden space 131584K, 100% used [0x00000000f5580000,0x00000000fd600000,0x00000000fd600000)
  from space 21504K, 52% used [0x00000000fd600000,0x00000000fe0f3010,0x00000000feb00000)
  to   space 21504K, 0% used [0x00000000feb00000,0x00000000feb00000,0x0000000100000000)
 ParOldGen       total 349696K, used 8559K [0x00000000e0000000, 0x00000000f5580000, 0x00000000f5580000)
  object space 349696K, 2% used [0x00000000e0000000,0x00000000e085be78,0x00000000f5580000)
 Metaspace       used 32402K, capacity 33166K, committed 33408K, reserved 1077248K
  class space    used 4493K, capacity 4715K, committed 4736K, reserved 1048576K
Event: 10.569 GC heap after
Heap after GC invocations=5 (full 1):
 PSYoungGen      total 153088K, used 18843K [0x00000000f5580000, 0x0000000100000000, 0x0000000100000000)
  eden space 131584K, 0% used [0x00000000f5580000,0x00000000f5580000,0x00000000fd600000)
  from space 21504K, 87% used [0x00000000feb00000,0x00000000ffd66de0,0x0000000100000000)
  to   space 21504K, 0% used [0x00000000fd600000,0x00000000fd600000,0x00000000feb00000)
 ParOldGen       total 349696K, used 8567K [0x00000000e0000000, 0x00000000f5580000, 0x00000000f5580000)
  object space 349696K, 2% used [0x00000000e0000000,0x00000000e085de78,0x00000000f5580000)
 Metaspace       used 32402K, capacity 33166K, committed 33408K, reserved 1077248K
  class space    used 4493K, capacity 4715K, committed 4736K, reserved 1048576K
}
Event: 16.889 GC heap before
{Heap before GC invocations=6 (full 1):
 PSYoungGen      total 153088K, used 102703K [0x00000000f5580000, 0x0000000100000000, 0x0000000100000000)
  eden space 131584K, 63% used [0x00000000f5580000,0x00000000fa764ef0,0x00000000fd600000)
  from space 21504K, 87% used [0x00000000feb00000,0x00000000ffd66de0,0x0000000100000000)
  to   space 21504K, 0% used [0x00000000fd600000,0x00000000fd600000,0x00000000feb00000)
 ParOldGen       total 349696K, used 8567K [0x00000000e0000000, 0x00000000f5580000, 0x00000000f5580000)
  object space 349696K, 2% used [0x00000000e0000000,0x00000000e085de78,0x00000000f5580000)
 Metaspace       used 34650K, capacity 35420K, committed 35496K, reserved 1079296K
  class space    used 4859K, capacity 5098K, committed 5120K, reserved 1048576K
Event: 16.913 GC heap after
Heap after GC invocations=6 (full 1):
 PSYoungGen      total 153088K, used 21473K [0x00000000f5580000, 0x0000000100000000, 0x0000000100000000)
  eden space 131584K, 0% used [0x00000000f5580000,0x00000000f5580000,0x00000000fd600000)
  from space 21504K, 99% used [0x00000000fd600000,0x00000000feaf86d0,0x00000000feb00000)
  to   space 21504K, 0% used [0x00000000feb00000,0x00000000feb00000,0x0000000100000000)
 ParOldGen       total 349696K, used 12580K [0x00000000e0000000, 0x00000000f5580000, 0x00000000f5580000)
  object space 349696K, 3% used [0x00000000e0000000,0x00000000e0c49228,0x00000000f5580000)
 Metaspace       used 34650K, capacity 35420K, committed 35496K, reserved 1079296K
  class space    used 4859K, capacity 5098K, committed 5120K, reserved 1048576K
}
Event: 16.913 GC heap before
{Heap before GC invocations=7 (full 2):
 PSYoungGen      total 153088K, used 21473K [0x00000000f5580000, 0x0000000100000000, 0x0000000100000000)
  eden space 131584K, 0% used [0x00000000f5580000,0x00000000f5580000,0x00000000fd600000)
  from space 21504K, 99% used [0x00000000fd600000,0x00000000feaf86d0,0x00000000feb00000)
  to   space 21504K, 0% used [0x00000000feb00000,0x00000000feb00000,0x0000000100000000)
 ParOldGen       total 349696K, used 12580K [0x00000000e0000000, 0x00000000f5580000, 0x00000000f5580000)
  object space 349696K, 3% used [0x00000000e0000000,0x00000000e0c49228,0x00000000f5580000)
 Metaspace       used 34650K, capacity 35420K, committed 35496K, reserved 1079296K
  class space    used 4859K, capacity 5098K, committed 5120K, reserved 1048576K
Event: 17.281 GC heap after
Heap after GC invocations=7 (full 2):
 PSYoungGen      total 153088K, used 0K [0x00000000f5580000, 0x0000000100000000, 0x0000000100000000)
  eden space 131584K, 0% used [0x00000000f5580000,0x00000000f5580000,0x00000000fd600000)
  from space 21504K, 0% used [0x00000000fd600000,0x00000000fd600000,0x00000000feb00000)
  to   space 21504K, 0% used [0x00000000feb00000,0x00000000feb00000,0x0000000100000000)
 ParOldGen       total 349696K, used 33148K [0x00000000e0000000, 0x00000000f5580000, 0x00000000f5580000)
  object space 349696K, 9% used [0x00000000e0000000,0x00000000e205f2f8,0x00000000f5580000)
 Metaspace       used 34650K, capacity 35420K, committed 35496K, reserved 1079296K
  class space    used 4859K, capacity 5098K, committed 5120K, reserved 1048576K
}

Deoptimization events (10 events):
Event: 17.771 Thread 0x00000181efa65000 Uncommon trap: reason=bimorphic action=maybe_recompile pc=0x0000018180e27174 method=com.google.common.collect.AbstractMapBasedMultimap$WrappedCollection$WrappedIterator.hasNext()Z @ 8
Event: 17.771 Thread 0x00000181efa65000 Uncommon trap: reason=bimorphic action=maybe_recompile pc=0x0000018180e27174 method=com.google.common.collect.AbstractMapBasedMultimap$WrappedCollection$WrappedIterator.hasNext()Z @ 8
Event: 17.793 Thread 0x00000181efa65000 Uncommon trap: reason=class_check action=maybe_recompile pc=0x0000018180384cbc method=java.lang.reflect.Method.equals(Ljava/lang/Object;)Z @ 5
Event: 17.795 Thread 0x00000181efa65000 Uncommon trap: reason=class_check action=maybe_recompile pc=0x0000018180384cbc method=java.lang.reflect.Method.equals(Ljava/lang/Object;)Z @ 5
Event: 17.802 Thread 0x00000181efa65000 Uncommon trap: reason=class_check action=maybe_recompile pc=0x0000018180384cbc method=java.lang.reflect.Method.equals(Ljava/lang/Object;)Z @ 5
Event: 17.802 Thread 0x00000181efa65000 Uncommon trap: reason=class_check action=maybe_recompile pc=0x0000018180384cbc method=java.lang.reflect.Method.equals(Ljava/lang/Object;)Z @ 5
Event: 17.812 Thread 0x00000181efa65000 Uncommon trap: reason=unstable_if action=reinterpret pc=0x0000018180da1d9c method=java.util.TreeMap.put(Ljava/lang/Object;Ljava/lang/Object;)Ljava/lang/Object; @ 90
Event: 133.821 Thread 0x00000181efa65000 Uncommon trap: reason=bimorphic action=maybe_recompile pc=0x00000181803f3e70 method=java.io.DataOutputStream.write([BII)V @ 7
Event: 133.821 Thread 0x00000181efa65000 Uncommon trap: reason=bimorphic action=maybe_recompile pc=0x00000181803f3e70 method=java.io.DataOutputStream.write([BII)V @ 7
Event: 133.963 Thread 0x00000181efa65000 Uncommon trap: reason=unstable_if action=reinterpret pc=0x0000018180e6dc10 method=java.lang.Class.arrayContentsEq([Ljava/lang/Object;[Ljava/lang/Object;)Z @ 1

Classes redefined (0 events):
No events

Internal exceptions (10 events):
Event: 17.733 Thread 0x00000181efa65000 Exception <a 'java/lang/ClassNotFoundException': org/gradle/plugins/ide/idea/internal/IdeaNameDeduperCustomizer> (0x00000000f799a578) thrown at [C:\jenkins\workspace\8-2-build-windows-amd64-cygwin\jdk8u311\1894\hotspot\src\share\vm\classfile\systemDiction
Event: 17.787 Thread 0x00000181efa65000 Exception <a 'java/lang/ClassNotFoundException': org/gradle/model/internal/core/NodeBackedModelMapBeanInfo> (0x00000000f7df5198) thrown at [C:\jenkins\workspace\8-2-build-windows-amd64-cygwin\jdk8u311\1894\hotspot\src\share\vm\classfile\systemDictionary.c
Event: 17.787 Thread 0x00000181efa65000 Exception <a 'java/lang/ClassNotFoundException': org/gradle/model/internal/core/ModelMapGroovyViewBeanInfo> (0x00000000f7e049a0) thrown at [C:\jenkins\workspace\8-2-build-windows-amd64-cygwin\jdk8u311\1894\hotspot\src\share\vm\classfile\systemDictionary.c
Event: 17.788 Thread 0x00000181efa65000 Exception <a 'java/lang/ClassNotFoundException': org/gradle/model/internal/core/ModelMapGroovyViewCustomizer> (0x00000000f7e14b10) thrown at [C:\jenkins\workspace\8-2-build-windows-amd64-cygwin\jdk8u311\1894\hotspot\src\share\vm\classfile\systemDictionary
Event: 17.788 Thread 0x00000181efa65000 Exception <a 'java/lang/ClassNotFoundException': org/gradle/model/internal/core/NodeBackedModelMapCustomizer> (0x00000000f7e34f38) thrown at [C:\jenkins\workspace\8-2-build-windows-amd64-cygwin\jdk8u311\1894\hotspot\src\share\vm\classfile\systemDictionary
Event: 17.800 Thread 0x00000181efa65000 Exception <a 'java/lang/ClassNotFoundException': org/gradle/platform/base/ComponentSpecContainer_ImplBeanInfo> (0x00000000f7f39a20) thrown at [C:\jenkins\workspace\8-2-build-windows-amd64-cygwin\jdk8u311\1894\hotspot\src\share\vm\classfile\systemDictionar
Event: 17.801 Thread 0x00000181efa65000 Exception <a 'java/lang/ClassNotFoundException': org/gradle/platform/base/ComponentSpecContainer_ImplCustomizer> (0x00000000f7f580e8) thrown at [C:\jenkins\workspace\8-2-build-windows-amd64-cygwin\jdk8u311\1894\hotspot\src\share\vm\classfile\systemDiction
Event: 17.805 Thread 0x00000181efa65000 Exception <a 'java/lang/ClassNotFoundException': org/gradle/platform/base/BinaryContainer_ImplBeanInfo> (0x00000000f7fbd530) thrown at [C:\jenkins\workspace\8-2-build-windows-amd64-cygwin\jdk8u311\1894\hotspot\src\share\vm\classfile\systemDictionary.cpp, 
Event: 17.806 Thread 0x00000181efa65000 Exception <a 'java/lang/ClassNotFoundException': org/gradle/platform/base/BinaryContainer_ImplCustomizer> (0x00000000f7fd97c0) thrown at [C:\jenkins\workspace\8-2-build-windows-amd64-cygwin\jdk8u311\1894\hotspot\src\share\vm\classfile\systemDictionary.cpp
Event: 133.963 Thread 0x00000181efa65000 Implicit null exception at 0x0000018180e6db8c to 0x0000018180e6dbfd

Events (10 events):
Event: 134.146 Thread 0x00000181efa65000 DEOPT PACKING pc=0x0000018180901133 sp=0x0000002a21ffa2c0
Event: 134.146 Thread 0x00000181efa65000 DEOPT UNPACKING pc=0x0000018180047918 sp=0x0000002a21ff9fd8 mode 1
Event: 134.146 Thread 0x00000181efa65000 DEOPT PACKING pc=0x00000181805b58ac sp=0x0000002a21ffa320
Event: 134.146 Thread 0x00000181efa65000 DEOPT UNPACKING pc=0x0000018180047918 sp=0x0000002a21ffa038 mode 1
Event: 134.150 Thread 0x00000181efa65000 DEOPT PACKING pc=0x0000018180901133 sp=0x0000002a21ffa2c0
Event: 134.150 Thread 0x00000181efa65000 DEOPT UNPACKING pc=0x0000018180047918 sp=0x0000002a21ff9fd8 mode 1
Event: 134.150 Thread 0x00000181efa65000 DEOPT PACKING pc=0x00000181805b58ac sp=0x0000002a21ffa320
Event: 134.150 Thread 0x00000181efa65000 DEOPT UNPACKING pc=0x0000018180047918 sp=0x0000002a21ffa038 mode 1
Event: 134.153 Thread 0x00000181efa65000 DEOPT PACKING pc=0x000001818064adc0 sp=0x0000002a21ffa6b0
Event: 134.153 Thread 0x00000181efa65000 DEOPT UNPACKING pc=0x0000018180047918 sp=0x0000002a21ffa3c0 mode 0


Dynamic libraries:
0x00007ff6ef0c0000 - 0x00007ff6ef107000 	C:\Program Files\Java\jdk1.8.0_311\bin\java.exe
0x00007ffca7f20000 - 0x00007ffca8129000 	C:\WINDOWS\SYSTEM32\ntdll.dll
0x00007ffca65a0000 - 0x00007ffca665d000 	C:\WINDOWS\System32\KERNEL32.DLL
0x00007ffca57b0000 - 0x00007ffca5b24000 	C:\WINDOWS\System32\KERNELBASE.dll
0x00007ffca5e70000 - 0x00007ffca5f1e000 	C:\WINDOWS\System32\ADVAPI32.dll
0x00007ffca62a0000 - 0x00007ffca6343000 	C:\WINDOWS\System32\msvcrt.dll
0x00007ffca6ef0000 - 0x00007ffca6f8e000 	C:\WINDOWS\System32\sechost.dll
0x00007ffca5f20000 - 0x00007ffca6040000 	C:\WINDOWS\System32\RPCRT4.dll
0x00007ffca74f0000 - 0x00007ffca769c000 	C:\WINDOWS\System32\USER32.dll
0x00007ffca54d0000 - 0x00007ffca54f6000 	C:\WINDOWS\System32\win32u.dll
0x00007ffca6350000 - 0x00007ffca6379000 	C:\WINDOWS\System32\GDI32.dll
0x00007ffca5620000 - 0x00007ffca5732000 	C:\WINDOWS\System32\gdi32full.dll
0x00007ffca5b30000 - 0x00007ffca5bcd000 	C:\WINDOWS\System32\msvcp_win.dll
0x00007ffca5500000 - 0x00007ffca5611000 	C:\WINDOWS\System32\ucrtbase.dll
0x00007ffc962e0000 - 0x00007ffc96585000 	C:\WINDOWS\WinSxS\amd64_microsoft.windows.common-controls_6595b64144ccf1df_6.0.22000.120_none_9d947278b86cc467\COMCTL32.dll
0x00007ffca6fb0000 - 0x00007ffca6fe1000 	C:\WINDOWS\System32\IMM32.DLL
0x00007ffc87c20000 - 0x00007ffc87c35000 	C:\Program Files\Java\jdk1.8.0_311\jre\bin\vcruntime140.dll
0x00007ffc7d230000 - 0x00007ffc7d2cb000 	C:\Program Files\Java\jdk1.8.0_311\jre\bin\msvcp140.dll
0x0000000065260000 - 0x0000000065ac0000 	C:\Program Files\Java\jdk1.8.0_311\jre\bin\server\jvm.dll
0x00007ffca68f0000 - 0x00007ffca68f8000 	C:\WINDOWS\System32\PSAPI.DLL
0x00007ffc6b360000 - 0x00007ffc6b369000 	C:\WINDOWS\SYSTEM32\WSOCK32.dll
0x00007ffc97aa0000 - 0x00007ffc97aaa000 	C:\WINDOWS\SYSTEM32\VERSION.dll
0x00007ffca6040000 - 0x00007ffca60af000 	C:\WINDOWS\System32\WS2_32.dll
0x00007ffc9fac0000 - 0x00007ffc9faf3000 	C:\WINDOWS\SYSTEM32\WINMM.dll
0x00007ffca4510000 - 0x00007ffca4528000 	C:\WINDOWS\SYSTEM32\kernel.appcore.dll
0x00007ffc947b0000 - 0x00007ffc947c0000 	C:\Program Files\Java\jdk1.8.0_311\jre\bin\verify.dll
0x00007ffc7d070000 - 0x00007ffc7d09b000 	C:\Program Files\Java\jdk1.8.0_311\jre\bin\java.dll
0x00007ffc95630000 - 0x00007ffc95666000 	C:\Program Files\Java\jdk1.8.0_311\jre\bin\jdwp.dll
0x00007ffca1e40000 - 0x00007ffca1e49000 	C:\Program Files\Java\jdk1.8.0_311\jre\bin\npt.dll
0x00007ffc7d210000 - 0x00007ffc7d228000 	C:\Program Files\Java\jdk1.8.0_311\jre\bin\zip.dll
0x00007ffca7710000 - 0x00007ffca7ebe000 	C:\WINDOWS\System32\SHELL32.dll
0x00007ffca3580000 - 0x00007ffca3de8000 	C:\WINDOWS\SYSTEM32\windows.storage.dll
0x00007ffca70e0000 - 0x00007ffca7458000 	C:\WINDOWS\System32\combase.dll
0x00007ffca3410000 - 0x00007ffca3576000 	C:\WINDOWS\SYSTEM32\wintypes.dll
0x00007ffca6900000 - 0x00007ffca69ea000 	C:\WINDOWS\System32\SHCORE.dll
0x00007ffca6380000 - 0x00007ffca63dd000 	C:\WINDOWS\System32\shlwapi.dll
0x00007ffca5340000 - 0x00007ffca5361000 	C:\WINDOWS\SYSTEM32\profapi.dll
0x00007ffca1dc0000 - 0x00007ffca1dca000 	C:\Program Files\Java\jdk1.8.0_311\jre\bin\dt_socket.dll
0x00007ffca4940000 - 0x00007ffca49a7000 	C:\WINDOWS\system32\mswsock.dll
0x00007ffc793f0000 - 0x00007ffc7940c000 	C:\Program Files\Java\jdk1.8.0_311\jre\bin\net.dll
0x00007ffc784a0000 - 0x00007ffc784b3000 	C:\Program Files\Java\jdk1.8.0_311\jre\bin\nio.dll
0x00007ffca0dd0000 - 0x00007ffca0de2000 	C:\Users\user\.gradle\native\19\windows-amd64\native-platform.dll
0x0000000180000000 - 0x0000000180037000 	C:\Users\user\.gradle\native\jna\win32-amd64\jnidispatch.dll
0x00007ffca4b90000 - 0x00007ffca4ba8000 	C:\WINDOWS\SYSTEM32\CRYPTSP.dll
0x00007ffca4470000 - 0x00007ffca44a5000 	C:\WINDOWS\system32\rsaenh.dll
0x00007ffca4a30000 - 0x00007ffca4a59000 	C:\WINDOWS\SYSTEM32\USERENV.dll
0x00007ffca4d00000 - 0x00007ffca4d27000 	C:\WINDOWS\SYSTEM32\bcrypt.dll
0x00007ffca5d40000 - 0x00007ffca5dbf000 	C:\WINDOWS\System32\bcryptprimitives.dll
0x00007ffca4b80000 - 0x00007ffca4b8c000 	C:\WINDOWS\SYSTEM32\CRYPTBASE.dll
0x00007ffca4040000 - 0x00007ffca406d000 	C:\WINDOWS\SYSTEM32\IPHLPAPI.DLL
0x00007ffca74e0000 - 0x00007ffca74e9000 	C:\WINDOWS\System32\NSI.dll
0x00007ffc9efa0000 - 0x00007ffc9efb9000 	C:\WINDOWS\SYSTEM32\dhcpcsvc6.DLL
0x00007ffc9faa0000 - 0x00007ffc9fabe000 	C:\WINDOWS\SYSTEM32\dhcpcsvc.DLL
0x00007ffca40b0000 - 0x00007ffca4197000 	C:\WINDOWS\SYSTEM32\DNSAPI.dll
0x00007ffca1e30000 - 0x00007ffca1e3d000 	C:\Program Files\Java\jdk1.8.0_311\jre\bin\management.dll
0x00007ffc97770000 - 0x00007ffc97991000 	C:\WINDOWS\SYSTEM32\dbghelp.dll

VM Arguments:
jvm_args: -Xdebug -Xrunjdwp:transport=dt_socket,address=8005,server=y,suspend=n -Xms512m -Xmx512m -Dorg.gradle.appname=gradlew 
java_command: org.gradle.wrapper.GradleWrapperMain clean war
java_class_path (initial): D:\Documents\Coding\incubator-fineract\\fineract-provider\gradle\wrapper\gradle-wrapper.jar
Launcher Type: SUN_STANDARD

Environment Variables:
JAVA_HOME=C:\Program Files\Java\jdk1.8.0_311
CLASSPATH=D:\Documents\Coding\incubator-fineract\\fineract-provider\gradle\wrapper\gradle-wrapper.jar
PATH=C:\Program Files (x86)\Common Files\Oracle\Java\javapath;C:\Program Files (x86)\Intel\iCLS Client\;C:\Program Files\Intel\iCLS Client\;C:\WINDOWS\system32;C:\WINDOWS;C:\WINDOWS\System32\Wbem;C:\WINDOWS\System32\WindowsPowerShell\v1.0\;C:\Program Files (x86)\Intel\Intel(R) Management Engine Components\DAL;C:\Program Files\Intel\Intel(R) Management Engine Components\DAL;C:\Program Files (x86)\Intel\Intel(R) Management Engine Components\IPT;C:\Program Files\Intel\Intel(R) Management Engine Components\IPT;C:\WINDOWS\System32\OpenSSH\;C:\Program Files\nodejs\;C:\Program Files\dotnet\;C:\Program Files\Microsoft SQL Server\130\Tools\Binn\;C:\Program Files\Microsoft SQL Server\Client SDK\ODBC\170\Tools\Binn\;C:\Program Files\Git\cmd;C:\Program Files\MySQL\MySQL Server 5.5\bin\;C:\ModelBank-R14\T24\Common\Jars\RuleEngine\CrbTest.jar;C:\Program Files\Java\jdk1.6.0_45\jre\bin\server;C:\Program Files\Git\usr\bin\;C:\Program Files\Java\jdk1.8.0_311\bin\;C:\Users\user\AppData\Local\Microsoft\WindowsApps;C:\Users\user\AppData\Roaming\npm;C:\Program Files\JetBrains\IntelliJ IDEA 2020.3.2\bin;;C:\Users\user\.dotnet\tools;C:\Users\user\AppData\Local\GitHubDesktop\bin;C:\Users\user\AppData\Local\Programs\Microsoft VS Code\bin;C:\ModelBank-R14\T24\Env\MB\bnk\bnk.run\ExternalJars\;
USERNAME=user
OS=Windows_NT
PROCESSOR_IDENTIFIER=Intel64 Family 6 Model 142 Stepping 10, GenuineIntel



---------------  S Y S T E M  ---------------

OS: Windows 10.0 , 64 bit Build 22000 (10.0.22000.434)

CPU:total 8 (initial active 8) (4 cores per cpu, 2 threads per core) family 6 model 142 stepping 10, cmov, cx8, fxsr, mmx, sse, sse2, sse3, ssse3, sse4.1, sse4.2, popcnt, avx, avx2, aes, clmul, erms, 3dnowpref, lzcnt, ht, tsc, tscinvbit, bmi1, bmi2, adx

Memory: 4k page, physical 12455524k(1893880k free), swap 27938784k(2156k free)

vm_info: Java HotSpot(TM) 64-Bit Server VM (25.311-b11) for windows-amd64 JRE (1.8.0_311-b11), built on Sep 27 2021 05:15:14 by "java_re" with MS VC++ 15.9 (VS2017)

time: Mon Apr  4 13:43:38 2022
timezone: South Africa Standard Time
elapsed time: 134.193117 seconds (0d 0h 2m 14s)

